{"/root/environment/survey/client/features/localFirst/crypto/draftCrypto.ts": {"path":"/root/environment/survey/client/features/localFirst/crypto/draftCrypto.ts","all":false,"statementMap":{"6":{"start":{"line":7,"column":0},"end":{"line":7,"column":71}},"7":{"start":{"line":8,"column":0},"end":{"line":8,"column":20}},"8":{"start":{"line":9,"column":0},"end":{"line":9,"column":38}},"9":{"start":{"line":10,"column":0},"end":{"line":10,"column":38}},"13":{"start":{"line":14,"column":0},"end":{"line":14,"column":100}},"14":{"start":{"line":15,"column":0},"end":{"line":15,"column":95}},"15":{"start":{"line":16,"column":0},"end":{"line":16,"column":33}},"16":{"start":{"line":17,"column":0},"end":{"line":17,"column":60}},"17":{"start":{"line":18,"column":0},"end":{"line":18,"column":9}},"18":{"start":{"line":19,"column":0},"end":{"line":19,"column":37}},"19":{"start":{"line":20,"column":0},"end":{"line":20,"column":10}},"20":{"start":{"line":21,"column":0},"end":{"line":21,"column":27}},"21":{"start":{"line":22,"column":0},"end":{"line":22,"column":4}},"22":{"start":{"line":23,"column":0},"end":{"line":23,"column":2}},"24":{"start":{"line":25,"column":0},"end":{"line":25,"column":101}},"25":{"start":{"line":26,"column":0},"end":{"line":26,"column":62}},"26":{"start":{"line":27,"column":0},"end":{"line":27,"column":85}},"27":{"start":{"line":28,"column":0},"end":{"line":28,"column":34}},"28":{"start":{"line":29,"column":0},"end":{"line":29,"column":2}},"30":{"start":{"line":31,"column":0},"end":{"line":31,"column":94}},"31":{"start":{"line":32,"column":0},"end":{"line":32,"column":84}},"33":{"start":{"line":34,"column":0},"end":{"line":34,"column":88}},"34":{"start":{"line":35,"column":0},"end":{"line":35,"column":63}},"36":{"start":{"line":37,"column":0},"end":{"line":37,"column":92}},"37":{"start":{"line":38,"column":0},"end":{"line":38,"column":71}},"39":{"start":{"line":40,"column":0},"end":{"line":40,"column":90}},"40":{"start":{"line":41,"column":0},"end":{"line":41,"column":46}},"42":{"start":{"line":43,"column":0},"end":{"line":43,"column":34}},"43":{"start":{"line":44,"column":0},"end":{"line":44,"column":17}},"44":{"start":{"line":45,"column":0},"end":{"line":45,"column":26}},"45":{"start":{"line":46,"column":0},"end":{"line":46,"column":22}},"46":{"start":{"line":47,"column":0},"end":{"line":47,"column":87}}},"s":{"6":1,"7":1,"8":1,"9":1,"13":1,"14":29,"15":29,"16":29,"17":29,"18":29,"19":29,"20":29,"21":29,"22":29,"24":1,"25":158,"26":158,"27":158,"28":158,"30":1,"31":166,"33":1,"34":93,"36":1,"37":95,"39":1,"40":64,"42":1,"43":70,"44":70,"45":70,"46":70},"branchMap":{"0":{"type":"branch","line":14,"loc":{"start":{"line":14,"column":25},"end":{"line":23,"column":2}},"locations":[{"start":{"line":14,"column":25},"end":{"line":23,"column":2}}]},"1":{"type":"branch","line":25,"loc":{"start":{"line":25,"column":28},"end":{"line":29,"column":2}},"locations":[{"start":{"line":25,"column":28},"end":{"line":29,"column":2}}]},"2":{"type":"branch","line":31,"loc":{"start":{"line":31,"column":28},"end":{"line":32,"column":84}},"locations":[{"start":{"line":31,"column":28},"end":{"line":32,"column":84}}]},"3":{"type":"branch","line":34,"loc":{"start":{"line":34,"column":27},"end":{"line":35,"column":63}},"locations":[{"start":{"line":34,"column":27},"end":{"line":35,"column":63}}]},"4":{"type":"branch","line":37,"loc":{"start":{"line":37,"column":27},"end":{"line":38,"column":71}},"locations":[{"start":{"line":37,"column":27},"end":{"line":38,"column":71}}]},"5":{"type":"branch","line":38,"loc":{"start":{"line":38,"column":63},"end":{"line":38,"column":64}},"locations":[{"start":{"line":38,"column":63},"end":{"line":38,"column":64}}]},"6":{"type":"branch","line":40,"loc":{"start":{"line":40,"column":27},"end":{"line":41,"column":46}},"locations":[{"start":{"line":40,"column":27},"end":{"line":41,"column":46}}]},"7":{"type":"branch","line":43,"loc":{"start":{"line":43,"column":27},"end":{"line":47,"column":87}},"locations":[{"start":{"line":43,"column":27},"end":{"line":47,"column":87}}]}},"b":{"0":[29],"1":[158],"2":[166],"3":[93],"4":[95],"5":[94],"6":[64],"7":[70]},"fnMap":{"0":{"name":"deriveKey","decl":{"start":{"line":14,"column":25},"end":{"line":23,"column":2}},"loc":{"start":{"line":14,"column":25},"end":{"line":23,"column":2}},"line":14},"1":{"name":"encryptBytes","decl":{"start":{"line":25,"column":28},"end":{"line":29,"column":2}},"loc":{"start":{"line":25,"column":28},"end":{"line":29,"column":2}},"line":25},"2":{"name":"decryptBytes","decl":{"start":{"line":31,"column":28},"end":{"line":32,"column":84}},"loc":{"start":{"line":31,"column":28},"end":{"line":32,"column":84}},"line":31},"3":{"name":"encryptJson","decl":{"start":{"line":34,"column":27},"end":{"line":35,"column":63}},"loc":{"start":{"line":34,"column":27},"end":{"line":35,"column":63}},"line":34},"4":{"name":"decryptJson","decl":{"start":{"line":37,"column":27},"end":{"line":38,"column":71}},"loc":{"start":{"line":37,"column":27},"end":{"line":38,"column":71}},"line":37},"5":{"name":"encryptBlob","decl":{"start":{"line":40,"column":27},"end":{"line":41,"column":46}},"loc":{"start":{"line":40,"column":27},"end":{"line":41,"column":46}},"line":40},"6":{"name":"decryptBlob","decl":{"start":{"line":43,"column":27},"end":{"line":47,"column":87}},"loc":{"start":{"line":43,"column":27},"end":{"line":47,"column":87}},"line":43}},"f":{"0":29,"1":158,"2":166,"3":93,"4":95,"5":64,"6":70}}
,"/root/environment/survey/client/features/localFirst/model/backoff.ts": {"path":"/root/environment/survey/client/features/localFirst/model/backoff.ts","all":false,"statementMap":{"1":{"start":{"line":2,"column":0},"end":{"line":2,"column":21}},"2":{"start":{"line":3,"column":0},"end":{"line":3,"column":17}},"3":{"start":{"line":4,"column":0},"end":{"line":4,"column":21}},"4":{"start":{"line":5,"column":0},"end":{"line":5,"column":19}},"5":{"start":{"line":6,"column":0},"end":{"line":6,"column":30}},"8":{"start":{"line":9,"column":0},"end":{"line":9,"column":91}},"9":{"start":{"line":10,"column":0},"end":{"line":10,"column":61}},"10":{"start":{"line":11,"column":0},"end":{"line":11,"column":52}},"11":{"start":{"line":12,"column":0},"end":{"line":12,"column":40}},"12":{"start":{"line":13,"column":0},"end":{"line":13,"column":2}},"15":{"start":{"line":16,"column":0},"end":{"line":16,"column":56}},"16":{"start":{"line":17,"column":0},"end":{"line":17,"column":49}},"18":{"start":{"line":19,"column":0},"end":{"line":19,"column":82}}},"s":{"1":1,"2":1,"3":1,"4":1,"5":1,"8":1,"9":11,"10":11,"11":11,"12":11,"15":1,"16":5,"18":1},"branchMap":{"0":{"type":"branch","line":9,"loc":{"start":{"line":9,"column":27},"end":{"line":13,"column":2}},"locations":[{"start":{"line":9,"column":27},"end":{"line":13,"column":2}}]},"1":{"type":"branch","line":16,"loc":{"start":{"line":16,"column":27},"end":{"line":17,"column":49}},"locations":[{"start":{"line":16,"column":27},"end":{"line":17,"column":49}}]},"2":{"type":"branch","line":19,"loc":{"start":{"line":19,"column":27},"end":{"line":19,"column":82}},"locations":[{"start":{"line":19,"column":27},"end":{"line":19,"column":82}}]}},"b":{"0":[11],"1":[5],"2":[9]},"fnMap":{"0":{"name":"nextDelayMs","decl":{"start":{"line":9,"column":27},"end":{"line":13,"column":2}},"loc":{"start":{"line":9,"column":27},"end":{"line":13,"column":2}},"line":9},"1":{"name":"baseDelayMs","decl":{"start":{"line":16,"column":27},"end":{"line":17,"column":49}},"loc":{"start":{"line":16,"column":27},"end":{"line":17,"column":49}},"line":16},"2":{"name":"shouldRetry","decl":{"start":{"line":19,"column":27},"end":{"line":19,"column":82}},"loc":{"start":{"line":19,"column":27},"end":{"line":19,"column":82}},"line":19}},"f":{"0":11,"1":5,"2":9}}
,"/root/environment/survey/client/features/localFirst/model/localDraft.ts": {"path":"/root/environment/survey/client/features/localFirst/model/localDraft.ts","all":false,"statementMap":{"3":{"start":{"line":4,"column":0},"end":{"line":4,"column":58}},"4":{"start":{"line":5,"column":0},"end":{"line":5,"column":18}},"5":{"start":{"line":6,"column":0},"end":{"line":6,"column":21}},"6":{"start":{"line":7,"column":0},"end":{"line":7,"column":17}},"7":{"start":{"line":8,"column":0},"end":{"line":8,"column":3}},"10":{"start":{"line":11,"column":0},"end":{"line":11,"column":37}},"15":{"start":{"line":16,"column":0},"end":{"line":16,"column":20}},"16":{"start":{"line":17,"column":0},"end":{"line":17,"column":16}},"17":{"start":{"line":18,"column":0},"end":{"line":18,"column":32}},"18":{"start":{"line":19,"column":0},"end":{"line":19,"column":10}},"19":{"start":{"line":20,"column":0},"end":{"line":20,"column":11}},"20":{"start":{"line":21,"column":0},"end":{"line":21,"column":91}},"21":{"start":{"line":22,"column":0},"end":{"line":22,"column":4}},"22":{"start":{"line":23,"column":0},"end":{"line":23,"column":40}},"23":{"start":{"line":24,"column":0},"end":{"line":24,"column":15}},"24":{"start":{"line":25,"column":0},"end":{"line":25,"column":23}},"25":{"start":{"line":26,"column":0},"end":{"line":26,"column":18}},"26":{"start":{"line":27,"column":0},"end":{"line":27,"column":24}},"27":{"start":{"line":28,"column":0},"end":{"line":28,"column":24}},"28":{"start":{"line":29,"column":0},"end":{"line":29,"column":3}},"30":{"start":{"line":31,"column":0},"end":{"line":31,"column":94}},"31":{"start":{"line":32,"column":0},"end":{"line":32,"column":39}},"32":{"start":{"line":33,"column":0},"end":{"line":33,"column":10}},"33":{"start":{"line":34,"column":0},"end":{"line":34,"column":48}},"34":{"start":{"line":35,"column":0},"end":{"line":35,"column":16}},"35":{"start":{"line":36,"column":0},"end":{"line":36,"column":37}},"36":{"start":{"line":37,"column":0},"end":{"line":37,"column":26}},"37":{"start":{"line":38,"column":0},"end":{"line":38,"column":56}},"38":{"start":{"line":39,"column":0},"end":{"line":39,"column":17}},"39":{"start":{"line":40,"column":0},"end":{"line":40,"column":38}},"40":{"start":{"line":41,"column":0},"end":{"line":41,"column":27}},"41":{"start":{"line":42,"column":0},"end":{"line":42,"column":58}},"42":{"start":{"line":43,"column":0},"end":{"line":43,"column":4}},"43":{"start":{"line":44,"column":0},"end":{"line":44,"column":2}},"46":{"start":{"line":47,"column":0},"end":{"line":47,"column":28}},"47":{"start":{"line":48,"column":0},"end":{"line":48,"column":20}},"48":{"start":{"line":49,"column":0},"end":{"line":49,"column":67}},"49":{"start":{"line":50,"column":0},"end":{"line":50,"column":14}},"50":{"start":{"line":51,"column":0},"end":{"line":51,"column":19}},"51":{"start":{"line":52,"column":0},"end":{"line":52,"column":11}},"52":{"start":{"line":53,"column":0},"end":{"line":53,"column":46}},"53":{"start":{"line":54,"column":0},"end":{"line":54,"column":45}},"54":{"start":{"line":55,"column":0},"end":{"line":55,"column":17}},"55":{"start":{"line":56,"column":0},"end":{"line":56,"column":3}},"57":{"start":{"line":58,"column":0},"end":{"line":58,"column":30}},"58":{"start":{"line":59,"column":0},"end":{"line":59,"column":20}},"59":{"start":{"line":60,"column":0},"end":{"line":60,"column":37}},"60":{"start":{"line":61,"column":0},"end":{"line":61,"column":27}},"61":{"start":{"line":62,"column":0},"end":{"line":62,"column":14}},"62":{"start":{"line":63,"column":0},"end":{"line":63,"column":70}},"64":{"start":{"line":65,"column":0},"end":{"line":65,"column":93}},"65":{"start":{"line":66,"column":0},"end":{"line":66,"column":11}},"66":{"start":{"line":67,"column":0},"end":{"line":67,"column":41}},"67":{"start":{"line":68,"column":0},"end":{"line":68,"column":17}},"68":{"start":{"line":69,"column":0},"end":{"line":69,"column":3}},"70":{"start":{"line":71,"column":0},"end":{"line":71,"column":96}},"71":{"start":{"line":72,"column":0},"end":{"line":72,"column":11}},"72":{"start":{"line":73,"column":0},"end":{"line":73,"column":58}},"73":{"start":{"line":74,"column":0},"end":{"line":74,"column":17}},"74":{"start":{"line":75,"column":0},"end":{"line":75,"column":3}}},"s":{"3":1,"4":11,"5":11,"6":11,"7":11,"10":1,"15":11,"16":11,"17":11,"18":11,"19":11,"20":11,"21":11,"22":11,"23":11,"24":11,"25":11,"26":11,"27":11,"28":11,"30":1,"31":4,"32":3,"33":3,"34":3,"35":3,"36":2,"37":1,"38":4,"39":4,"40":2,"41":1,"42":4,"43":4,"46":1,"47":4,"48":4,"49":4,"50":4,"51":4,"52":4,"53":4,"54":4,"55":4,"57":1,"58":23,"59":23,"60":23,"61":23,"62":23,"64":1,"65":1,"66":1,"67":1,"68":1,"70":1,"71":1,"72":1,"73":1,"74":1},"branchMap":{"0":{"type":"branch","line":4,"loc":{"start":{"line":4,"column":24},"end":{"line":8,"column":3}},"locations":[{"start":{"line":4,"column":24},"end":{"line":8,"column":3}}]},"1":{"type":"branch","line":11,"loc":{"start":{"line":11,"column":27},"end":{"line":29,"column":3}},"locations":[{"start":{"line":11,"column":27},"end":{"line":29,"column":3}}]},"2":{"type":"branch","line":21,"loc":{"start":{"line":21,"column":32},"end":{"line":21,"column":49}},"locations":[{"start":{"line":21,"column":32},"end":{"line":21,"column":49}}]},"3":{"type":"branch","line":21,"loc":{"start":{"line":21,"column":45},"end":{"line":21,"column":91}},"locations":[{"start":{"line":21,"column":45},"end":{"line":21,"column":91}}]},"4":{"type":"branch","line":31,"loc":{"start":{"line":31,"column":19},"end":{"line":44,"column":2}},"locations":[{"start":{"line":31,"column":19},"end":{"line":44,"column":2}}]},"5":{"type":"branch","line":32,"loc":{"start":{"line":32,"column":27},"end":{"line":32,"column":39}},"locations":[{"start":{"line":32,"column":27},"end":{"line":32,"column":39}}]},"6":{"type":"branch","line":32,"loc":{"start":{"line":32,"column":34},"end":{"line":36,"column":37}},"locations":[{"start":{"line":32,"column":34},"end":{"line":36,"column":37}}]},"7":{"type":"branch","line":36,"loc":{"start":{"line":36,"column":28},"end":{"line":37,"column":26}},"locations":[{"start":{"line":36,"column":28},"end":{"line":37,"column":26}}]},"8":{"type":"branch","line":37,"loc":{"start":{"line":37,"column":15},"end":{"line":38,"column":56}},"locations":[{"start":{"line":37,"column":15},"end":{"line":38,"column":56}}]},"9":{"type":"branch","line":40,"loc":{"start":{"line":40,"column":29},"end":{"line":41,"column":27}},"locations":[{"start":{"line":40,"column":29},"end":{"line":41,"column":27}}]},"10":{"type":"branch","line":41,"loc":{"start":{"line":41,"column":15},"end":{"line":42,"column":58}},"locations":[{"start":{"line":41,"column":15},"end":{"line":42,"column":58}}]},"11":{"type":"branch","line":47,"loc":{"start":{"line":47,"column":27},"end":{"line":56,"column":3}},"locations":[{"start":{"line":47,"column":27},"end":{"line":56,"column":3}}]},"12":{"type":"branch","line":54,"loc":{"start":{"line":54,"column":18},"end":{"line":54,"column":45}},"locations":[{"start":{"line":54,"column":18},"end":{"line":54,"column":45}}]},"13":{"type":"branch","line":58,"loc":{"start":{"line":58,"column":29},"end":{"line":63,"column":70}},"locations":[{"start":{"line":58,"column":29},"end":{"line":63,"column":70}}]},"14":{"type":"branch","line":65,"loc":{"start":{"line":65,"column":26},"end":{"line":69,"column":3}},"locations":[{"start":{"line":65,"column":26},"end":{"line":69,"column":3}}]},"15":{"type":"branch","line":71,"loc":{"start":{"line":71,"column":29},"end":{"line":75,"column":3}},"locations":[{"start":{"line":71,"column":29},"end":{"line":75,"column":3}}]},"16":{"type":"branch","line":73,"loc":{"start":{"line":73,"column":34},"end":{"line":73,"column":56}},"locations":[{"start":{"line":73,"column":34},"end":{"line":73,"column":56}}]}},"b":{"0":[11],"1":[11],"2":[10],"3":[1],"4":[4],"5":[1],"6":[3],"7":[2],"8":[1],"9":[2],"10":[1],"11":[4],"12":[2],"13":[23],"14":[1],"15":[1],"16":[1]},"fnMap":{"0":{"name":"initialProgress","decl":{"start":{"line":4,"column":24},"end":{"line":8,"column":3}},"loc":{"start":{"line":4,"column":24},"end":{"line":8,"column":3}},"line":4},"1":{"name":"createDraft","decl":{"start":{"line":11,"column":27},"end":{"line":29,"column":3}},"loc":{"start":{"line":11,"column":27},"end":{"line":29,"column":3}},"line":11},"2":{"name":"mergeInput","decl":{"start":{"line":31,"column":19},"end":{"line":44,"column":2}},"loc":{"start":{"line":31,"column":19},"end":{"line":44,"column":2}},"line":31},"3":{"name":"applyUpdate","decl":{"start":{"line":47,"column":27},"end":{"line":56,"column":3}},"loc":{"start":{"line":47,"column":27},"end":{"line":56,"column":3}},"line":47},"4":{"name":"withSyncState","decl":{"start":{"line":58,"column":29},"end":{"line":63,"column":70}},"loc":{"start":{"line":58,"column":29},"end":{"line":63,"column":70}},"line":58},"5":{"name":"addPhotoId","decl":{"start":{"line":65,"column":26},"end":{"line":69,"column":3}},"loc":{"start":{"line":65,"column":26},"end":{"line":69,"column":3}},"line":65},"6":{"name":"removePhotoId","decl":{"start":{"line":71,"column":29},"end":{"line":75,"column":3}},"loc":{"start":{"line":71,"column":29},"end":{"line":75,"column":3}},"line":71}},"f":{"0":11,"1":11,"2":4,"3":4,"4":23,"5":1,"6":1}}
,"/root/environment/survey/client/features/localFirst/model/localPhoto.ts": {"path":"/root/environment/survey/client/features/localFirst/model/localPhoto.ts","all":false,"statementMap":{"5":{"start":{"line":6,"column":0},"end":{"line":6,"column":94}},"7":{"start":{"line":8,"column":0},"end":{"line":8,"column":42}},"16":{"start":{"line":17,"column":0},"end":{"line":17,"column":20}},"17":{"start":{"line":18,"column":0},"end":{"line":18,"column":16}},"18":{"start":{"line":19,"column":0},"end":{"line":19,"column":26}},"19":{"start":{"line":20,"column":0},"end":{"line":20,"column":28}},"20":{"start":{"line":21,"column":0},"end":{"line":21,"column":34}},"21":{"start":{"line":22,"column":0},"end":{"line":22,"column":20}},"22":{"start":{"line":23,"column":0},"end":{"line":23,"column":20}},"23":{"start":{"line":24,"column":0},"end":{"line":24,"column":20}},"24":{"start":{"line":25,"column":0},"end":{"line":25,"column":18}},"25":{"start":{"line":26,"column":0},"end":{"line":26,"column":22}},"26":{"start":{"line":27,"column":0},"end":{"line":27,"column":24}},"27":{"start":{"line":28,"column":0},"end":{"line":28,"column":3}},"29":{"start":{"line":30,"column":0},"end":{"line":30,"column":63}},"30":{"start":{"line":31,"column":0},"end":{"line":31,"column":27}},"31":{"start":{"line":32,"column":0},"end":{"line":32,"column":33}},"32":{"start":{"line":33,"column":0},"end":{"line":33,"column":19}},"33":{"start":{"line":34,"column":0},"end":{"line":34,"column":19}},"34":{"start":{"line":35,"column":0},"end":{"line":35,"column":3}},"36":{"start":{"line":37,"column":0},"end":{"line":37,"column":89}},"37":{"start":{"line":38,"column":0},"end":{"line":38,"column":11}},"38":{"start":{"line":39,"column":0},"end":{"line":39,"column":9}},"39":{"start":{"line":40,"column":0},"end":{"line":40,"column":3}},"42":{"start":{"line":43,"column":0},"end":{"line":43,"column":96}},"43":{"start":{"line":44,"column":0},"end":{"line":44,"column":11}},"44":{"start":{"line":45,"column":0},"end":{"line":45,"column":21}},"45":{"start":{"line":46,"column":0},"end":{"line":46,"column":16}},"46":{"start":{"line":47,"column":0},"end":{"line":47,"column":3}}},"s":{"5":1,"7":1,"16":12,"17":12,"18":12,"19":12,"20":12,"21":12,"22":12,"23":12,"24":12,"25":12,"26":12,"27":12,"29":1,"30":5,"31":5,"32":5,"33":5,"34":5,"36":1,"37":1,"38":1,"39":1,"42":1,"43":4,"44":4,"45":4,"46":4},"branchMap":{"0":{"type":"branch","line":6,"loc":{"start":{"line":6,"column":27},"end":{"line":6,"column":94}},"locations":[{"start":{"line":6,"column":27},"end":{"line":6,"column":94}}]},"1":{"type":"branch","line":8,"loc":{"start":{"line":8,"column":32},"end":{"line":28,"column":3}},"locations":[{"start":{"line":8,"column":32},"end":{"line":28,"column":3}}]},"2":{"type":"branch","line":30,"loc":{"start":{"line":30,"column":27},"end":{"line":35,"column":3}},"locations":[{"start":{"line":30,"column":27},"end":{"line":35,"column":3}}]},"3":{"type":"branch","line":37,"loc":{"start":{"line":37,"column":26},"end":{"line":40,"column":3}},"locations":[{"start":{"line":37,"column":26},"end":{"line":40,"column":3}}]},"4":{"type":"branch","line":43,"loc":{"start":{"line":43,"column":28},"end":{"line":47,"column":3}},"locations":[{"start":{"line":43,"column":28},"end":{"line":47,"column":3}}]}},"b":{"0":[2],"1":[12],"2":[5],"3":[1],"4":[4]},"fnMap":{"0":{"name":"isImageType","decl":{"start":{"line":6,"column":27},"end":{"line":6,"column":94}},"loc":{"start":{"line":6,"column":27},"end":{"line":6,"column":94}},"line":6},"1":{"name":"createLocalPhoto","decl":{"start":{"line":8,"column":32},"end":{"line":28,"column":3}},"loc":{"start":{"line":8,"column":32},"end":{"line":28,"column":3}},"line":8},"2":{"name":"toPhotoMeta","decl":{"start":{"line":30,"column":27},"end":{"line":35,"column":3}},"loc":{"start":{"line":30,"column":27},"end":{"line":35,"column":3}},"line":30},"3":{"name":"withStatus","decl":{"start":{"line":37,"column":26},"end":{"line":40,"column":3}},"loc":{"start":{"line":37,"column":26},"end":{"line":40,"column":3}},"line":37},"4":{"name":"markUploaded","decl":{"start":{"line":43,"column":28},"end":{"line":47,"column":3}},"loc":{"start":{"line":43,"column":28},"end":{"line":47,"column":3}},"line":43}},"f":{"0":2,"1":12,"2":5,"3":1,"4":4}}
,"/root/environment/survey/client/features/localFirst/model/syncJob.ts": {"path":"/root/environment/survey/client/features/localFirst/model/syncJob.ts","all":false,"statementMap":{"0":{"start":{"line":1,"column":0},"end":{"line":1,"column":52}},"5":{"start":{"line":6,"column":0},"end":{"line":6,"column":35}},"10":{"start":{"line":11,"column":0},"end":{"line":11,"column":17}},"11":{"start":{"line":12,"column":0},"end":{"line":12,"column":16}},"12":{"start":{"line":13,"column":0},"end":{"line":13,"column":26}},"13":{"start":{"line":14,"column":0},"end":{"line":14,"column":28}},"14":{"start":{"line":15,"column":0},"end":{"line":15,"column":22}},"15":{"start":{"line":16,"column":0},"end":{"line":16,"column":14}},"16":{"start":{"line":17,"column":0},"end":{"line":17,"column":28}},"17":{"start":{"line":18,"column":0},"end":{"line":18,"column":20}},"18":{"start":{"line":19,"column":0},"end":{"line":19,"column":24}},"19":{"start":{"line":20,"column":0},"end":{"line":20,"column":18}},"20":{"start":{"line":21,"column":0},"end":{"line":21,"column":24}},"21":{"start":{"line":22,"column":0},"end":{"line":22,"column":24}},"22":{"start":{"line":23,"column":0},"end":{"line":23,"column":3}},"25":{"start":{"line":26,"column":0},"end":{"line":26,"column":85}},"26":{"start":{"line":27,"column":0},"end":{"line":27,"column":9}},"27":{"start":{"line":28,"column":0},"end":{"line":28,"column":8}},"28":{"start":{"line":29,"column":0},"end":{"line":29,"column":18}},"29":{"start":{"line":30,"column":0},"end":{"line":30,"column":17}},"30":{"start":{"line":31,"column":0},"end":{"line":31,"column":3}},"32":{"start":{"line":33,"column":0},"end":{"line":33,"column":28}},"33":{"start":{"line":34,"column":0},"end":{"line":34,"column":15}},"34":{"start":{"line":35,"column":0},"end":{"line":35,"column":37}},"35":{"start":{"line":36,"column":0},"end":{"line":36,"column":14}},"36":{"start":{"line":37,"column":0},"end":{"line":37,"column":58}},"38":{"start":{"line":39,"column":0},"end":{"line":39,"column":30}},"39":{"start":{"line":40,"column":0},"end":{"line":40,"column":15}},"40":{"start":{"line":41,"column":0},"end":{"line":41,"column":38}},"41":{"start":{"line":42,"column":0},"end":{"line":42,"column":14}},"42":{"start":{"line":43,"column":0},"end":{"line":43,"column":62}},"45":{"start":{"line":46,"column":0},"end":{"line":46,"column":30}},"46":{"start":{"line":47,"column":0},"end":{"line":47,"column":15}},"47":{"start":{"line":48,"column":0},"end":{"line":48,"column":16}},"48":{"start":{"line":49,"column":0},"end":{"line":49,"column":14}},"49":{"start":{"line":50,"column":0},"end":{"line":50,"column":21}},"50":{"start":{"line":51,"column":0},"end":{"line":51,"column":15}},"51":{"start":{"line":52,"column":0},"end":{"line":52,"column":36}},"52":{"start":{"line":53,"column":0},"end":{"line":53,"column":10}},"53":{"start":{"line":54,"column":0},"end":{"line":54,"column":11}},"54":{"start":{"line":55,"column":0},"end":{"line":55,"column":13}},"55":{"start":{"line":56,"column":0},"end":{"line":56,"column":21}},"56":{"start":{"line":57,"column":0},"end":{"line":57,"column":52}},"57":{"start":{"line":58,"column":0},"end":{"line":58,"column":19}},"58":{"start":{"line":59,"column":0},"end":{"line":59,"column":4}},"59":{"start":{"line":60,"column":0},"end":{"line":60,"column":2}},"62":{"start":{"line":63,"column":0},"end":{"line":63,"column":71}},"63":{"start":{"line":64,"column":0},"end":{"line":64,"column":9}},"64":{"start":{"line":65,"column":0},"end":{"line":65,"column":14}},"65":{"start":{"line":66,"column":0},"end":{"line":66,"column":21}},"66":{"start":{"line":67,"column":0},"end":{"line":67,"column":18}},"67":{"start":{"line":68,"column":0},"end":{"line":68,"column":17}},"68":{"start":{"line":69,"column":0},"end":{"line":69,"column":3}},"70":{"start":{"line":71,"column":0},"end":{"line":71,"column":81}},"73":{"start":{"line":74,"column":0},"end":{"line":74,"column":60}},"74":{"start":{"line":75,"column":0},"end":{"line":75,"column":51}}},"s":{"0":1,"5":1,"10":18,"11":18,"12":18,"13":18,"14":18,"15":18,"16":18,"17":18,"18":18,"19":18,"20":18,"21":18,"22":18,"25":1,"26":21,"27":21,"28":21,"29":21,"30":21,"32":1,"33":7,"34":7,"35":7,"36":7,"38":1,"39":8,"40":8,"41":8,"42":8,"45":1,"46":7,"47":7,"48":7,"49":7,"50":7,"51":7,"52":7,"53":7,"54":7,"55":7,"56":7,"57":7,"58":7,"59":7,"62":1,"63":2,"64":2,"65":2,"66":2,"67":2,"68":2,"70":1,"73":1,"74":5},"branchMap":{"0":{"type":"branch","line":6,"loc":{"start":{"line":6,"column":25},"end":{"line":23,"column":3}},"locations":[{"start":{"line":6,"column":25},"end":{"line":23,"column":3}}]},"1":{"type":"branch","line":26,"loc":{"start":{"line":26,"column":25},"end":{"line":31,"column":3}},"locations":[{"start":{"line":26,"column":25},"end":{"line":31,"column":3}}]},"2":{"type":"branch","line":33,"loc":{"start":{"line":33,"column":27},"end":{"line":37,"column":58}},"locations":[{"start":{"line":33,"column":27},"end":{"line":37,"column":58}}]},"3":{"type":"branch","line":39,"loc":{"start":{"line":39,"column":29},"end":{"line":43,"column":62}},"locations":[{"start":{"line":39,"column":29},"end":{"line":43,"column":62}}]},"4":{"type":"branch","line":46,"loc":{"start":{"line":46,"column":29},"end":{"line":60,"column":2}},"locations":[{"start":{"line":46,"column":29},"end":{"line":60,"column":2}}]},"5":{"type":"branch","line":63,"loc":{"start":{"line":63,"column":29},"end":{"line":69,"column":3}},"locations":[{"start":{"line":63,"column":29},"end":{"line":69,"column":3}}]},"6":{"type":"branch","line":71,"loc":{"start":{"line":71,"column":27},"end":{"line":71,"column":81}},"locations":[{"start":{"line":71,"column":27},"end":{"line":71,"column":81}}]},"7":{"type":"branch","line":74,"loc":{"start":{"line":74,"column":21},"end":{"line":75,"column":51}},"locations":[{"start":{"line":74,"column":21},"end":{"line":75,"column":51}}]},"8":{"type":"branch","line":75,"loc":{"start":{"line":75,"column":16},"end":{"line":75,"column":51}},"locations":[{"start":{"line":75,"column":16},"end":{"line":75,"column":51}}]}},"b":{"0":[18],"1":[21],"2":[7],"3":[8],"4":[7],"5":[2],"6":[7],"7":[5],"8":[4]},"fnMap":{"0":{"name":"createJob","decl":{"start":{"line":6,"column":25},"end":{"line":23,"column":3}},"loc":{"start":{"line":6,"column":25},"end":{"line":23,"column":3}},"line":6},"1":{"name":"withStage","decl":{"start":{"line":26,"column":25},"end":{"line":31,"column":3}},"loc":{"start":{"line":26,"column":25},"end":{"line":31,"column":3}},"line":26},"2":{"name":"withTickets","decl":{"start":{"line":33,"column":27},"end":{"line":37,"column":58}},"loc":{"start":{"line":33,"column":27},"end":{"line":37,"column":58}},"line":33},"3":{"name":"withConfirmed","decl":{"start":{"line":39,"column":29},"end":{"line":43,"column":62}},"loc":{"start":{"line":39,"column":29},"end":{"line":43,"column":62}},"line":39},"4":{"name":"recordFailure","decl":{"start":{"line":46,"column":29},"end":{"line":60,"column":2}},"loc":{"start":{"line":46,"column":29},"end":{"line":60,"column":2}},"line":46},"5":{"name":"resetForRetry","decl":{"start":{"line":63,"column":29},"end":{"line":69,"column":3}},"loc":{"start":{"line":63,"column":29},"end":{"line":69,"column":3}},"line":63},"6":{"name":"isExhausted","decl":{"start":{"line":71,"column":27},"end":{"line":71,"column":81}},"loc":{"start":{"line":71,"column":27},"end":{"line":71,"column":81}},"line":71},"7":{"name":"isDue","decl":{"start":{"line":74,"column":21},"end":{"line":75,"column":51}},"loc":{"start":{"line":74,"column":21},"end":{"line":75,"column":51}},"line":74}},"f":{"0":18,"1":21,"2":7,"3":8,"4":7,"5":2,"6":7,"7":5}}
,"/root/environment/survey/client/features/localFirst/model/toPayload.ts": {"path":"/root/environment/survey/client/features/localFirst/model/toPayload.ts","all":false,"statementMap":{"6":{"start":{"line":7,"column":0},"end":{"line":7,"column":49}},"7":{"start":{"line":8,"column":0},"end":{"line":8,"column":30}},"8":{"start":{"line":9,"column":0},"end":{"line":9,"column":46}},"9":{"start":{"line":10,"column":0},"end":{"line":10,"column":39}},"10":{"start":{"line":11,"column":0},"end":{"line":11,"column":3}},"11":{"start":{"line":12,"column":0},"end":{"line":12,"column":1}},"13":{"start":{"line":14,"column":0},"end":{"line":14,"column":65}},"14":{"start":{"line":15,"column":0},"end":{"line":15,"column":65}},"15":{"start":{"line":16,"column":0},"end":{"line":16,"column":15}},"16":{"start":{"line":17,"column":0},"end":{"line":17,"column":2}},"18":{"start":{"line":19,"column":0},"end":{"line":19,"column":73}},"19":{"start":{"line":20,"column":0},"end":{"line":20,"column":31}},"20":{"start":{"line":21,"column":0},"end":{"line":21,"column":10}},"21":{"start":{"line":22,"column":0},"end":{"line":22,"column":36}},"22":{"start":{"line":23,"column":0},"end":{"line":23,"column":33}},"23":{"start":{"line":24,"column":0},"end":{"line":24,"column":37}},"24":{"start":{"line":25,"column":0},"end":{"line":25,"column":44}},"25":{"start":{"line":26,"column":0},"end":{"line":26,"column":56}},"26":{"start":{"line":27,"column":0},"end":{"line":27,"column":62}},"27":{"start":{"line":28,"column":0},"end":{"line":28,"column":33}},"28":{"start":{"line":29,"column":0},"end":{"line":29,"column":21}},"29":{"start":{"line":30,"column":0},"end":{"line":30,"column":29}},"30":{"start":{"line":31,"column":0},"end":{"line":31,"column":35}},"31":{"start":{"line":32,"column":0},"end":{"line":32,"column":35}},"32":{"start":{"line":33,"column":0},"end":{"line":33,"column":25}},"33":{"start":{"line":34,"column":0},"end":{"line":34,"column":27}},"34":{"start":{"line":35,"column":0},"end":{"line":35,"column":4}},"35":{"start":{"line":36,"column":0},"end":{"line":36,"column":2}},"37":{"start":{"line":38,"column":0},"end":{"line":38,"column":20}},"38":{"start":{"line":39,"column":0},"end":{"line":39,"column":35}},"39":{"start":{"line":40,"column":0},"end":{"line":40,"column":54}},"40":{"start":{"line":41,"column":0},"end":{"line":41,"column":80}},"41":{"start":{"line":42,"column":0},"end":{"line":42,"column":30}},"42":{"start":{"line":43,"column":0},"end":{"line":43,"column":46}},"43":{"start":{"line":44,"column":0},"end":{"line":44,"column":48}},"44":{"start":{"line":45,"column":0},"end":{"line":45,"column":3}},"46":{"start":{"line":47,"column":0},"end":{"line":47,"column":21}},"47":{"start":{"line":48,"column":0},"end":{"line":48,"column":36}},"48":{"start":{"line":49,"column":0},"end":{"line":49,"column":55}},"49":{"start":{"line":50,"column":0},"end":{"line":50,"column":59}},"50":{"start":{"line":51,"column":0},"end":{"line":51,"column":48}},"51":{"start":{"line":52,"column":0},"end":{"line":52,"column":3}},"55":{"start":{"line":56,"column":0},"end":{"line":56,"column":99}},"56":{"start":{"line":57,"column":0},"end":{"line":57,"column":36}},"57":{"start":{"line":58,"column":0},"end":{"line":58,"column":37}},"58":{"start":{"line":59,"column":0},"end":{"line":59,"column":80}},"59":{"start":{"line":60,"column":0},"end":{"line":60,"column":3}},"60":{"start":{"line":61,"column":0},"end":{"line":61,"column":64}},"61":{"start":{"line":62,"column":0},"end":{"line":62,"column":81}},"62":{"start":{"line":63,"column":0},"end":{"line":63,"column":2}}},"s":{"6":1,"7":1,"8":6,"9":6,"10":6,"11":1,"13":1,"14":68,"15":62,"16":62,"18":1,"19":18,"20":18,"21":18,"22":18,"23":18,"24":18,"25":18,"26":18,"27":18,"28":18,"29":18,"30":18,"31":18,"32":18,"33":18,"34":18,"35":18,"37":1,"38":12,"39":12,"40":12,"41":12,"42":12,"43":12,"44":12,"46":1,"47":2,"48":2,"49":2,"50":2,"51":2,"55":1,"56":18,"57":18,"58":12,"59":12,"60":3,"61":3,"62":3},"branchMap":{"0":{"type":"branch","line":8,"loc":{"start":{"line":8,"column":2},"end":{"line":11,"column":3}},"locations":[{"start":{"line":8,"column":2},"end":{"line":11,"column":3}}]},"1":{"type":"branch","line":14,"loc":{"start":{"line":14,"column":17},"end":{"line":17,"column":2}},"locations":[{"start":{"line":14,"column":17},"end":{"line":17,"column":2}}]},"2":{"type":"branch","line":15,"loc":{"start":{"line":15,"column":27},"end":{"line":15,"column":65}},"locations":[{"start":{"line":15,"column":27},"end":{"line":15,"column":65}}]},"3":{"type":"branch","line":15,"loc":{"start":{"line":15,"column":63},"end":{"line":17,"column":2}},"locations":[{"start":{"line":15,"column":63},"end":{"line":17,"column":2}}]},"4":{"type":"branch","line":19,"loc":{"start":{"line":19,"column":20},"end":{"line":36,"column":2}},"locations":[{"start":{"line":19,"column":20},"end":{"line":36,"column":2}}]},"5":{"type":"branch","line":38,"loc":{"start":{"line":38,"column":19},"end":{"line":45,"column":3}},"locations":[{"start":{"line":38,"column":19},"end":{"line":45,"column":3}}]},"6":{"type":"branch","line":41,"loc":{"start":{"line":41,"column":31},"end":{"line":41,"column":58}},"locations":[{"start":{"line":41,"column":31},"end":{"line":41,"column":58}}]},"7":{"type":"branch","line":42,"loc":{"start":{"line":42,"column":13},"end":{"line":42,"column":30}},"locations":[{"start":{"line":42,"column":13},"end":{"line":42,"column":30}}]},"8":{"type":"branch","line":43,"loc":{"start":{"line":43,"column":21},"end":{"line":43,"column":46}},"locations":[{"start":{"line":43,"column":21},"end":{"line":43,"column":46}}]},"9":{"type":"branch","line":44,"loc":{"start":{"line":44,"column":22},"end":{"line":44,"column":48}},"locations":[{"start":{"line":44,"column":22},"end":{"line":44,"column":48}}]},"10":{"type":"branch","line":47,"loc":{"start":{"line":47,"column":20},"end":{"line":52,"column":3}},"locations":[{"start":{"line":47,"column":20},"end":{"line":52,"column":3}}]},"11":{"type":"branch","line":50,"loc":{"start":{"line":50,"column":24},"end":{"line":50,"column":44}},"locations":[{"start":{"line":50,"column":24},"end":{"line":50,"column":44}}]},"12":{"type":"branch","line":51,"loc":{"start":{"line":51,"column":22},"end":{"line":51,"column":48}},"locations":[{"start":{"line":51,"column":22},"end":{"line":51,"column":48}}]},"13":{"type":"branch","line":56,"loc":{"start":{"line":56,"column":35},"end":{"line":63,"column":2}},"locations":[{"start":{"line":56,"column":35},"end":{"line":63,"column":2}}]},"14":{"type":"branch","line":58,"loc":{"start":{"line":58,"column":36},"end":{"line":60,"column":3}},"locations":[{"start":{"line":58,"column":36},"end":{"line":60,"column":3}}]},"15":{"type":"branch","line":60,"loc":{"start":{"line":60,"column":2},"end":{"line":63,"column":2}},"locations":[{"start":{"line":60,"column":2},"end":{"line":63,"column":2}}]}},"b":{"0":[6],"1":[68],"2":[6],"3":[62],"4":[18],"5":[12],"6":[11],"7":[11],"8":[11],"9":[11],"10":[2],"11":[1],"12":[1],"13":[18],"14":[12],"15":[3]},"fnMap":{"0":{"name":"IncompleteDraftError","decl":{"start":{"line":8,"column":2},"end":{"line":11,"column":3}},"loc":{"start":{"line":8,"column":2},"end":{"line":11,"column":3}},"line":8},"1":{"name":"required","decl":{"start":{"line":14,"column":17},"end":{"line":17,"column":2}},"loc":{"start":{"line":14,"column":17},"end":{"line":17,"column":2}},"line":14},"2":{"name":"buildSurvey","decl":{"start":{"line":19,"column":20},"end":{"line":36,"column":2}},"loc":{"start":{"line":19,"column":20},"end":{"line":36,"column":2}},"line":19},"3":{"name":"buildFirst","decl":{"start":{"line":38,"column":19},"end":{"line":45,"column":3}},"loc":{"start":{"line":38,"column":19},"end":{"line":45,"column":3}},"line":38},"4":{"name":"buildSecond","decl":{"start":{"line":47,"column":20},"end":{"line":52,"column":3}},"loc":{"start":{"line":47,"column":20},"end":{"line":52,"column":3}},"line":47},"5":{"name":"toSubmissionPayload","decl":{"start":{"line":56,"column":35},"end":{"line":63,"column":2}},"loc":{"start":{"line":56,"column":35},"end":{"line":63,"column":2}},"line":56}},"f":{"0":6,"1":68,"2":18,"3":12,"4":2,"5":18}}
,"/root/environment/survey/client/features/localFirst/service/networkStatus.ts": {"path":"/root/environment/survey/client/features/localFirst/service/networkStatus.ts","all":false,"statementMap":{"15":{"start":{"line":16,"column":0},"end":{"line":16,"column":81}},"16":{"start":{"line":17,"column":0},"end":{"line":17,"column":33}},"17":{"start":{"line":18,"column":0},"end":{"line":18,"column":27}},"18":{"start":{"line":19,"column":0},"end":{"line":19,"column":47}},"19":{"start":{"line":20,"column":0},"end":{"line":20,"column":49}},"20":{"start":{"line":21,"column":0},"end":{"line":21,"column":41}},"21":{"start":{"line":22,"column":0},"end":{"line":22,"column":43}},"22":{"start":{"line":23,"column":0},"end":{"line":23,"column":18}},"23":{"start":{"line":24,"column":0},"end":{"line":24,"column":46}},"24":{"start":{"line":25,"column":0},"end":{"line":25,"column":48}},"25":{"start":{"line":26,"column":0},"end":{"line":26,"column":6}},"26":{"start":{"line":27,"column":0},"end":{"line":27,"column":4}},"27":{"start":{"line":28,"column":0},"end":{"line":28,"column":3}}},"s":{"15":1,"16":1,"17":1,"18":1,"19":1,"20":1,"21":1,"22":1,"23":1,"24":1,"25":1,"26":1,"27":1},"branchMap":{"0":{"type":"branch","line":16,"loc":{"start":{"line":16,"column":35},"end":{"line":28,"column":3}},"locations":[{"start":{"line":16,"column":35},"end":{"line":28,"column":3}}]},"1":{"type":"branch","line":17,"loc":{"start":{"line":17,"column":10},"end":{"line":17,"column":33}},"locations":[{"start":{"line":17,"column":10},"end":{"line":17,"column":33}}]},"2":{"type":"branch","line":18,"loc":{"start":{"line":18,"column":13},"end":{"line":27,"column":4}},"locations":[{"start":{"line":18,"column":13},"end":{"line":27,"column":4}}]},"3":{"type":"branch","line":19,"loc":{"start":{"line":19,"column":21},"end":{"line":19,"column":47}},"locations":[{"start":{"line":19,"column":21},"end":{"line":19,"column":47}}]},"4":{"type":"branch","line":20,"loc":{"start":{"line":20,"column":22},"end":{"line":20,"column":49}},"locations":[{"start":{"line":20,"column":22},"end":{"line":20,"column":49}}]},"5":{"type":"branch","line":23,"loc":{"start":{"line":23,"column":11},"end":{"line":26,"column":6}},"locations":[{"start":{"line":23,"column":11},"end":{"line":26,"column":6}}]}},"b":{"0":[1],"1":[2],"2":[1],"3":[1],"4":[1],"5":[1]},"fnMap":{"0":{"name":"createNetworkStatus","decl":{"start":{"line":16,"column":35},"end":{"line":28,"column":3}},"loc":{"start":{"line":16,"column":35},"end":{"line":28,"column":3}},"line":16},"1":{"name":"online","decl":{"start":{"line":17,"column":10},"end":{"line":17,"column":33}},"loc":{"start":{"line":17,"column":10},"end":{"line":17,"column":33}},"line":17},"2":{"name":"subscribe","decl":{"start":{"line":18,"column":13},"end":{"line":27,"column":4}},"loc":{"start":{"line":18,"column":13},"end":{"line":27,"column":4}},"line":18},"3":{"name":"onOnline","decl":{"start":{"line":19,"column":21},"end":{"line":19,"column":47}},"loc":{"start":{"line":19,"column":21},"end":{"line":19,"column":47}},"line":19},"4":{"name":"onOffline","decl":{"start":{"line":20,"column":22},"end":{"line":20,"column":49}},"loc":{"start":{"line":20,"column":22},"end":{"line":20,"column":49}},"line":20}},"f":{"0":1,"1":2,"2":1,"3":1,"4":1}}
,"/root/environment/survey/client/features/localFirst/service/stages.ts": {"path":"/root/environment/survey/client/features/localFirst/service/stages.ts","all":false,"statementMap":{"0":{"start":{"line":1,"column":0},"end":{"line":1,"column":52}},"19":{"start":{"line":20,"column":0},"end":{"line":20,"column":84}},"20":{"start":{"line":21,"column":0},"end":{"line":21,"column":53}},"21":{"start":{"line":22,"column":0},"end":{"line":22,"column":57}},"22":{"start":{"line":23,"column":0},"end":{"line":23,"column":56}},"23":{"start":{"line":24,"column":0},"end":{"line":24,"column":86}},"24":{"start":{"line":25,"column":0},"end":{"line":25,"column":104}},"25":{"start":{"line":26,"column":0},"end":{"line":26,"column":30}},"26":{"start":{"line":27,"column":0},"end":{"line":27,"column":14}},"27":{"start":{"line":28,"column":0},"end":{"line":28,"column":2}},"29":{"start":{"line":30,"column":0},"end":{"line":30,"column":25}},"30":{"start":{"line":31,"column":0},"end":{"line":31,"column":13}},"31":{"start":{"line":32,"column":0},"end":{"line":32,"column":20}},"32":{"start":{"line":33,"column":0},"end":{"line":33,"column":28}},"33":{"start":{"line":34,"column":0},"end":{"line":34,"column":21}},"34":{"start":{"line":35,"column":0},"end":{"line":35,"column":74}},"35":{"start":{"line":36,"column":0},"end":{"line":36,"column":67}},"36":{"start":{"line":37,"column":0},"end":{"line":37,"column":63}},"37":{"start":{"line":38,"column":0},"end":{"line":38,"column":2}},"39":{"start":{"line":40,"column":0},"end":{"line":40,"column":25}},"40":{"start":{"line":41,"column":0},"end":{"line":41,"column":13}},"41":{"start":{"line":42,"column":0},"end":{"line":42,"column":31}},"42":{"start":{"line":43,"column":0},"end":{"line":43,"column":23}},"43":{"start":{"line":44,"column":0},"end":{"line":44,"column":21}},"44":{"start":{"line":45,"column":0},"end":{"line":45,"column":52}},"45":{"start":{"line":46,"column":0},"end":{"line":46,"column":32}},"46":{"start":{"line":47,"column":0},"end":{"line":47,"column":64}},"47":{"start":{"line":48,"column":0},"end":{"line":48,"column":3}},"48":{"start":{"line":49,"column":0},"end":{"line":49,"column":2}},"51":{"start":{"line":52,"column":0},"end":{"line":52,"column":83}},"52":{"start":{"line":53,"column":0},"end":{"line":53,"column":56}},"53":{"start":{"line":54,"column":0},"end":{"line":54,"column":49}},"54":{"start":{"line":55,"column":0},"end":{"line":55,"column":51}},"55":{"start":{"line":56,"column":0},"end":{"line":56,"column":30}},"56":{"start":{"line":57,"column":0},"end":{"line":57,"column":14}},"57":{"start":{"line":58,"column":0},"end":{"line":58,"column":2}},"60":{"start":{"line":61,"column":0},"end":{"line":61,"column":81}},"61":{"start":{"line":62,"column":0},"end":{"line":62,"column":56}},"62":{"start":{"line":63,"column":0},"end":{"line":63,"column":89}},"63":{"start":{"line":64,"column":0},"end":{"line":64,"column":58}},"64":{"start":{"line":65,"column":0},"end":{"line":65,"column":78}},"65":{"start":{"line":66,"column":0},"end":{"line":66,"column":30}},"66":{"start":{"line":67,"column":0},"end":{"line":67,"column":14}},"67":{"start":{"line":68,"column":0},"end":{"line":68,"column":2}}},"s":{"0":1,"19":1,"20":12,"21":12,"22":10,"23":10,"24":6,"25":6,"26":6,"27":6,"29":1,"30":5,"31":5,"32":5,"33":5,"34":5,"35":3,"36":3,"37":3,"39":1,"40":7,"41":7,"42":7,"43":7,"44":7,"45":6,"46":6,"47":6,"48":7,"51":1,"52":7,"53":7,"54":7,"55":7,"56":7,"57":7,"60":1,"61":7,"62":7,"63":7,"64":7,"65":7,"66":7,"67":7},"branchMap":{"0":{"type":"branch","line":20,"loc":{"start":{"line":20,"column":29},"end":{"line":28,"column":2}},"locations":[{"start":{"line":20,"column":29},"end":{"line":28,"column":2}}]},"1":{"type":"branch","line":22,"loc":{"start":{"line":22,"column":22},"end":{"line":22,"column":57}},"locations":[{"start":{"line":22,"column":22},"end":{"line":22,"column":57}}]},"2":{"type":"branch","line":22,"loc":{"start":{"line":22,"column":55},"end":{"line":24,"column":86}},"locations":[{"start":{"line":22,"column":55},"end":{"line":24,"column":86}}]},"3":{"type":"branch","line":24,"loc":{"start":{"line":24,"column":84},"end":{"line":28,"column":2}},"locations":[{"start":{"line":24,"column":84},"end":{"line":28,"column":2}}]},"4":{"type":"branch","line":30,"loc":{"start":{"line":30,"column":18},"end":{"line":38,"column":2}},"locations":[{"start":{"line":30,"column":18},"end":{"line":38,"column":2}}]},"5":{"type":"branch","line":35,"loc":{"start":{"line":35,"column":23},"end":{"line":35,"column":67}},"locations":[{"start":{"line":35,"column":23},"end":{"line":35,"column":67}}]},"6":{"type":"branch","line":35,"loc":{"start":{"line":35,"column":67},"end":{"line":35,"column":74}},"locations":[{"start":{"line":35,"column":67},"end":{"line":35,"column":74}}]},"7":{"type":"branch","line":35,"loc":{"start":{"line":35,"column":67},"end":{"line":38,"column":2}},"locations":[{"start":{"line":35,"column":67},"end":{"line":38,"column":2}}]},"8":{"type":"branch","line":40,"loc":{"start":{"line":40,"column":18},"end":{"line":49,"column":2}},"locations":[{"start":{"line":40,"column":18},"end":{"line":49,"column":2}}]},"9":{"type":"branch","line":45,"loc":{"start":{"line":45,"column":51},"end":{"line":48,"column":3}},"locations":[{"start":{"line":45,"column":51},"end":{"line":48,"column":3}}]},"10":{"type":"branch","line":47,"loc":{"start":{"line":47,"column":29},"end":{"line":47,"column":64}},"locations":[{"start":{"line":47,"column":29},"end":{"line":47,"column":64}}]},"11":{"type":"branch","line":52,"loc":{"start":{"line":52,"column":28},"end":{"line":58,"column":2}},"locations":[{"start":{"line":52,"column":28},"end":{"line":58,"column":2}}]},"12":{"type":"branch","line":61,"loc":{"start":{"line":61,"column":26},"end":{"line":68,"column":2}},"locations":[{"start":{"line":61,"column":26},"end":{"line":68,"column":2}}]},"13":{"type":"branch","line":64,"loc":{"start":{"line":64,"column":22},"end":{"line":64,"column":58}},"locations":[{"start":{"line":64,"column":22},"end":{"line":64,"column":58}}]},"14":{"type":"branch","line":63,"loc":{"start":{"line":63,"column":29},"end":{"line":63,"column":87}},"locations":[{"start":{"line":63,"column":29},"end":{"line":63,"column":87}}]},"15":{"type":"branch","line":63,"loc":{"start":{"line":63,"column":57},"end":{"line":63,"column":69}},"locations":[{"start":{"line":63,"column":57},"end":{"line":63,"column":69}}]},"16":{"type":"branch","line":63,"loc":{"start":{"line":63,"column":65},"end":{"line":63,"column":87}},"locations":[{"start":{"line":63,"column":65},"end":{"line":63,"column":87}}]}},"b":{"0":[12],"1":[2],"2":[10],"3":[6],"4":[5],"5":[4],"6":[2],"7":[3],"8":[7],"9":[6],"10":[5],"11":[7],"12":[7],"13":[4],"14":[6],"15":[1],"16":[5]},"fnMap":{"0":{"name":"runSubmission","decl":{"start":{"line":20,"column":29},"end":{"line":28,"column":2}},"loc":{"start":{"line":20,"column":29},"end":{"line":28,"column":2}},"line":20},"1":{"name":"uploadOne","decl":{"start":{"line":30,"column":18},"end":{"line":38,"column":2}},"loc":{"start":{"line":30,"column":18},"end":{"line":38,"column":2}},"line":30},"2":{"name":"uploadAll","decl":{"start":{"line":40,"column":18},"end":{"line":49,"column":2}},"loc":{"start":{"line":40,"column":18},"end":{"line":49,"column":2}},"line":40},"3":{"name":"runPhotosPut","decl":{"start":{"line":52,"column":28},"end":{"line":58,"column":2}},"loc":{"start":{"line":52,"column":28},"end":{"line":58,"column":2}},"line":52},"4":{"name":"runConfirm","decl":{"start":{"line":61,"column":26},"end":{"line":68,"column":2}},"loc":{"start":{"line":61,"column":26},"end":{"line":68,"column":2}},"line":61}},"f":{"0":12,"1":5,"2":7,"3":7,"4":7}}
,"/root/environment/survey/client/features/localFirst/service/syncService.ts": {"path":"/root/environment/survey/client/features/localFirst/service/syncService.ts","all":false,"statementMap":{"0":{"start":{"line":1,"column":0},"end":{"line":1,"column":52}},"17":{"start":{"line":18,"column":0},"end":{"line":18,"column":92}},"18":{"start":{"line":19,"column":0},"end":{"line":19,"column":28}},"19":{"start":{"line":20,"column":0},"end":{"line":20,"column":29}},"20":{"start":{"line":21,"column":0},"end":{"line":21,"column":22}},"21":{"start":{"line":22,"column":0},"end":{"line":22,"column":2}},"24":{"start":{"line":25,"column":0},"end":{"line":25,"column":49}},"25":{"start":{"line":26,"column":0},"end":{"line":26,"column":50}},"27":{"start":{"line":28,"column":0},"end":{"line":28,"column":74}},"28":{"start":{"line":29,"column":0},"end":{"line":29,"column":26}},"29":{"start":{"line":30,"column":0},"end":{"line":30,"column":20}},"30":{"start":{"line":31,"column":0},"end":{"line":31,"column":43}},"31":{"start":{"line":32,"column":0},"end":{"line":32,"column":25}},"32":{"start":{"line":33,"column":0},"end":{"line":33,"column":23}},"33":{"start":{"line":34,"column":0},"end":{"line":34,"column":53}},"34":{"start":{"line":35,"column":0},"end":{"line":35,"column":98}},"35":{"start":{"line":36,"column":0},"end":{"line":36,"column":4}},"37":{"start":{"line":38,"column":0},"end":{"line":38,"column":60}},"38":{"start":{"line":39,"column":0},"end":{"line":39,"column":20}},"39":{"start":{"line":40,"column":0},"end":{"line":40,"column":34}},"40":{"start":{"line":41,"column":0},"end":{"line":41,"column":54}},"41":{"start":{"line":42,"column":0},"end":{"line":42,"column":5}},"43":{"start":{"line":44,"column":0},"end":{"line":44,"column":45}},"44":{"start":{"line":45,"column":0},"end":{"line":45,"column":39}},"45":{"start":{"line":46,"column":0},"end":{"line":46,"column":4}},"47":{"start":{"line":48,"column":0},"end":{"line":48,"column":80}},"48":{"start":{"line":49,"column":0},"end":{"line":49,"column":82}},"49":{"start":{"line":50,"column":0},"end":{"line":50,"column":36}},"50":{"start":{"line":51,"column":0},"end":{"line":51,"column":93}},"51":{"start":{"line":52,"column":0},"end":{"line":52,"column":4}},"53":{"start":{"line":54,"column":0},"end":{"line":54,"column":62}},"54":{"start":{"line":55,"column":0},"end":{"line":55,"column":47}},"55":{"start":{"line":56,"column":0},"end":{"line":56,"column":29}},"56":{"start":{"line":57,"column":0},"end":{"line":57,"column":49}},"57":{"start":{"line":58,"column":0},"end":{"line":58,"column":9}},"58":{"start":{"line":59,"column":0},"end":{"line":59,"column":25}},"59":{"start":{"line":60,"column":0},"end":{"line":60,"column":21}},"60":{"start":{"line":61,"column":0},"end":{"line":61,"column":38}},"61":{"start":{"line":62,"column":0},"end":{"line":62,"column":5}},"62":{"start":{"line":63,"column":0},"end":{"line":63,"column":4}},"64":{"start":{"line":65,"column":0},"end":{"line":65,"column":66}},"65":{"start":{"line":66,"column":0},"end":{"line":66,"column":53}},"66":{"start":{"line":67,"column":0},"end":{"line":67,"column":59}},"67":{"start":{"line":68,"column":0},"end":{"line":68,"column":27}},"68":{"start":{"line":69,"column":0},"end":{"line":69,"column":23}},"69":{"start":{"line":70,"column":0},"end":{"line":70,"column":14}},"70":{"start":{"line":71,"column":0},"end":{"line":71,"column":44}},"71":{"start":{"line":72,"column":0},"end":{"line":72,"column":22}},"72":{"start":{"line":73,"column":0},"end":{"line":73,"column":7}},"73":{"start":{"line":74,"column":0},"end":{"line":74,"column":33}},"74":{"start":{"line":75,"column":0},"end":{"line":75,"column":44}},"75":{"start":{"line":76,"column":0},"end":{"line":76,"column":29}},"76":{"start":{"line":77,"column":0},"end":{"line":77,"column":4}},"78":{"start":{"line":79,"column":0},"end":{"line":79,"column":65}},"79":{"start":{"line":80,"column":0},"end":{"line":80,"column":57}},"80":{"start":{"line":81,"column":0},"end":{"line":81,"column":29}},"81":{"start":{"line":82,"column":0},"end":{"line":82,"column":49}},"82":{"start":{"line":83,"column":0},"end":{"line":83,"column":35}},"83":{"start":{"line":84,"column":0},"end":{"line":84,"column":31}},"84":{"start":{"line":85,"column":0},"end":{"line":85,"column":4}},"86":{"start":{"line":87,"column":0},"end":{"line":87,"column":49}},"87":{"start":{"line":88,"column":0},"end":{"line":88,"column":86}},"88":{"start":{"line":89,"column":0},"end":{"line":89,"column":52}},"89":{"start":{"line":90,"column":0},"end":{"line":90,"column":4}},"91":{"start":{"line":92,"column":0},"end":{"line":92,"column":51}},"92":{"start":{"line":93,"column":0},"end":{"line":93,"column":2}}},"s":{"0":1,"17":1,"18":1,"19":1,"20":1,"21":1,"24":1,"25":5,"27":1,"28":13,"29":24,"30":24,"31":24,"32":24,"33":24,"34":24,"35":24,"37":13,"38":12,"39":12,"40":25,"41":20,"43":7,"44":7,"45":12,"47":13,"48":5,"49":5,"50":5,"51":5,"53":13,"54":13,"55":13,"56":12,"57":12,"58":12,"59":13,"60":5,"61":5,"62":13,"64":13,"65":8,"66":8,"67":7,"68":7,"69":7,"70":7,"71":7,"72":7,"73":7,"74":7,"75":7,"76":8,"78":13,"79":2,"80":2,"81":1,"82":1,"83":1,"84":2,"86":13,"87":1,"88":1,"89":1,"91":13,"92":13},"branchMap":{"0":{"type":"branch","line":25,"loc":{"start":{"line":25,"column":22},"end":{"line":26,"column":50}},"locations":[{"start":{"line":25,"column":22},"end":{"line":26,"column":50}}]},"1":{"type":"branch","line":26,"loc":{"start":{"line":26,"column":19},"end":{"line":26,"column":40}},"locations":[{"start":{"line":26,"column":19},"end":{"line":26,"column":40}}]},"2":{"type":"branch","line":26,"loc":{"start":{"line":26,"column":33},"end":{"line":26,"column":50}},"locations":[{"start":{"line":26,"column":33},"end":{"line":26,"column":50}}]},"3":{"type":"branch","line":28,"loc":{"start":{"line":28,"column":33},"end":{"line":93,"column":2}},"locations":[{"start":{"line":28,"column":33},"end":{"line":93,"column":2}}]},"4":{"type":"branch","line":29,"loc":{"start":{"line":29,"column":19},"end":{"line":36,"column":4}},"locations":[{"start":{"line":29,"column":19},"end":{"line":36,"column":4}}]},"5":{"type":"branch","line":35,"loc":{"start":{"line":35,"column":24},"end":{"line":35,"column":98}},"locations":[{"start":{"line":35,"column":24},"end":{"line":35,"column":98}}]},"6":{"type":"branch","line":38,"loc":{"start":{"line":38,"column":18},"end":{"line":46,"column":4}},"locations":[{"start":{"line":38,"column":18},"end":{"line":46,"column":4}}]},"7":{"type":"branch","line":40,"loc":{"start":{"line":40,"column":33},"end":{"line":42,"column":5}},"locations":[{"start":{"line":40,"column":33},"end":{"line":42,"column":5}}]},"8":{"type":"branch","line":41,"loc":{"start":{"line":41,"column":52},"end":{"line":42,"column":5}},"locations":[{"start":{"line":41,"column":52},"end":{"line":42,"column":5}}]},"9":{"type":"branch","line":42,"loc":{"start":{"line":42,"column":4},"end":{"line":45,"column":39}},"locations":[{"start":{"line":42,"column":4},"end":{"line":45,"column":39}}]},"10":{"type":"branch","line":48,"loc":{"start":{"line":48,"column":24},"end":{"line":52,"column":4}},"locations":[{"start":{"line":48,"column":24},"end":{"line":52,"column":4}}]},"11":{"type":"branch","line":51,"loc":{"start":{"line":51,"column":50},"end":{"line":51,"column":65}},"locations":[{"start":{"line":51,"column":50},"end":{"line":51,"column":65}}]},"12":{"type":"branch","line":51,"loc":{"start":{"line":51,"column":54},"end":{"line":51,"column":75}},"locations":[{"start":{"line":51,"column":54},"end":{"line":51,"column":75}}]},"13":{"type":"branch","line":54,"loc":{"start":{"line":54,"column":21},"end":{"line":63,"column":4}},"locations":[{"start":{"line":54,"column":21},"end":{"line":63,"column":4}}]},"14":{"type":"branch","line":56,"loc":{"start":{"line":56,"column":22},"end":{"line":56,"column":29}},"locations":[{"start":{"line":56,"column":22},"end":{"line":56,"column":29}}]},"15":{"type":"branch","line":56,"loc":{"start":{"line":56,"column":22},"end":{"line":59,"column":25}},"locations":[{"start":{"line":56,"column":22},"end":{"line":59,"column":25}}]},"16":{"type":"branch","line":59,"loc":{"start":{"line":59,"column":23},"end":{"line":60,"column":13}},"locations":[{"start":{"line":59,"column":23},"end":{"line":60,"column":13}}]},"17":{"type":"branch","line":60,"loc":{"start":{"line":60,"column":4},"end":{"line":62,"column":5}},"locations":[{"start":{"line":60,"column":4},"end":{"line":62,"column":5}}]},"18":{"type":"branch","line":65,"loc":{"start":{"line":65,"column":17},"end":{"line":77,"column":4}},"locations":[{"start":{"line":65,"column":17},"end":{"line":77,"column":4}}]},"19":{"type":"branch","line":67,"loc":{"start":{"line":67,"column":24},"end":{"line":67,"column":59}},"locations":[{"start":{"line":67,"column":24},"end":{"line":67,"column":59}}]},"20":{"type":"branch","line":67,"loc":{"start":{"line":67,"column":57},"end":{"line":76,"column":29}},"locations":[{"start":{"line":67,"column":57},"end":{"line":76,"column":29}}]},"21":{"type":"branch","line":79,"loc":{"start":{"line":79,"column":16},"end":{"line":85,"column":4}},"locations":[{"start":{"line":79,"column":16},"end":{"line":85,"column":4}}]},"22":{"type":"branch","line":81,"loc":{"start":{"line":81,"column":22},"end":{"line":84,"column":31}},"locations":[{"start":{"line":81,"column":22},"end":{"line":84,"column":31}}]},"23":{"type":"branch","line":87,"loc":{"start":{"line":87,"column":21},"end":{"line":90,"column":4}},"locations":[{"start":{"line":87,"column":21},"end":{"line":90,"column":4}}]},"24":{"type":"branch","line":88,"loc":{"start":{"line":88,"column":53},"end":{"line":88,"column":84}},"locations":[{"start":{"line":88,"column":53},"end":{"line":88,"column":84}}]}},"b":{"0":[5],"1":[4],"2":[1],"3":[13],"4":[24],"5":[22],"6":[12],"7":[25],"8":[20],"9":[7],"10":[5],"11":[1],"12":[4],"13":[13],"14":[1],"15":[12],"16":[7],"17":[5],"18":[8],"19":[1],"20":[7],"21":[2],"22":[1],"23":[1],"24":[2]},"fnMap":{"0":{"name":"classifyError","decl":{"start":{"line":25,"column":22},"end":{"line":26,"column":50}},"loc":{"start":{"line":25,"column":22},"end":{"line":26,"column":50}},"line":25},"1":{"name":"createSyncService","decl":{"start":{"line":28,"column":33},"end":{"line":93,"column":2}},"loc":{"start":{"line":28,"column":33},"end":{"line":93,"column":2}},"line":28},"2":{"name":"setState","decl":{"start":{"line":29,"column":19},"end":{"line":36,"column":4}},"loc":{"start":{"line":29,"column":19},"end":{"line":36,"column":4}},"line":29},"3":{"name":"advance","decl":{"start":{"line":38,"column":18},"end":{"line":46,"column":4}},"loc":{"start":{"line":38,"column":18},"end":{"line":46,"column":4}},"line":38},"4":{"name":"handleFailure","decl":{"start":{"line":48,"column":24},"end":{"line":52,"column":4}},"loc":{"start":{"line":48,"column":24},"end":{"line":52,"column":4}},"line":48},"5":{"name":"processJob","decl":{"start":{"line":54,"column":21},"end":{"line":63,"column":4}},"loc":{"start":{"line":54,"column":21},"end":{"line":63,"column":4}},"line":54},"6":{"name":"submit","decl":{"start":{"line":65,"column":17},"end":{"line":77,"column":4}},"loc":{"start":{"line":65,"column":17},"end":{"line":77,"column":4}},"line":65},"7":{"name":"retry","decl":{"start":{"line":79,"column":16},"end":{"line":85,"column":4}},"loc":{"start":{"line":79,"column":16},"end":{"line":85,"column":4}},"line":79},"8":{"name":"drainQueue","decl":{"start":{"line":87,"column":21},"end":{"line":90,"column":4}},"loc":{"start":{"line":87,"column":21},"end":{"line":90,"column":4}},"line":87}},"f":{"0":5,"1":13,"2":24,"3":12,"4":5,"5":13,"6":8,"7":2,"8":1}}
,"/root/environment/survey/client/features/localFirst/store/codec.ts": {"path":"/root/environment/survey/client/features/localFirst/store/codec.ts","all":false,"statementMap":{"0":{"start":{"line":1,"column":0},"end":{"line":1,"column":91}},"11":{"start":{"line":12,"column":0},"end":{"line":12,"column":96}},"12":{"start":{"line":13,"column":0},"end":{"line":13,"column":15}},"13":{"start":{"line":14,"column":0},"end":{"line":14,"column":31}},"14":{"start":{"line":15,"column":0},"end":{"line":15,"column":29}},"15":{"start":{"line":16,"column":0},"end":{"line":16,"column":29}},"16":{"start":{"line":17,"column":0},"end":{"line":17,"column":29}},"17":{"start":{"line":18,"column":0},"end":{"line":18,"column":31}},"18":{"start":{"line":19,"column":0},"end":{"line":19,"column":23}},"19":{"start":{"line":20,"column":0},"end":{"line":20,"column":29}},"20":{"start":{"line":21,"column":0},"end":{"line":21,"column":29}},"21":{"start":{"line":22,"column":0},"end":{"line":22,"column":31}},"22":{"start":{"line":23,"column":0},"end":{"line":23,"column":27}},"23":{"start":{"line":24,"column":0},"end":{"line":24,"column":3}},"25":{"start":{"line":26,"column":0},"end":{"line":26,"column":96}},"26":{"start":{"line":27,"column":0},"end":{"line":27,"column":65}},"27":{"start":{"line":28,"column":0},"end":{"line":28,"column":10}},"28":{"start":{"line":29,"column":0},"end":{"line":29,"column":18}},"29":{"start":{"line":30,"column":0},"end":{"line":30,"column":34}},"30":{"start":{"line":31,"column":0},"end":{"line":31,"column":32}},"31":{"start":{"line":32,"column":0},"end":{"line":32,"column":32}},"32":{"start":{"line":33,"column":0},"end":{"line":33,"column":32}},"33":{"start":{"line":34,"column":0},"end":{"line":34,"column":24}},"34":{"start":{"line":35,"column":0},"end":{"line":35,"column":30}},"35":{"start":{"line":36,"column":0},"end":{"line":36,"column":30}},"36":{"start":{"line":37,"column":0},"end":{"line":37,"column":32}},"37":{"start":{"line":38,"column":0},"end":{"line":38,"column":4}},"38":{"start":{"line":39,"column":0},"end":{"line":39,"column":2}},"40":{"start":{"line":41,"column":0},"end":{"line":41,"column":96}},"41":{"start":{"line":42,"column":0},"end":{"line":42,"column":15}},"42":{"start":{"line":43,"column":0},"end":{"line":43,"column":25}},"43":{"start":{"line":44,"column":0},"end":{"line":44,"column":23}},"44":{"start":{"line":45,"column":0},"end":{"line":45,"column":33}},"45":{"start":{"line":46,"column":0},"end":{"line":46,"column":27}},"46":{"start":{"line":47,"column":0},"end":{"line":47,"column":19}},"47":{"start":{"line":48,"column":0},"end":{"line":48,"column":19}},"48":{"start":{"line":49,"column":0},"end":{"line":49,"column":37}},"49":{"start":{"line":50,"column":0},"end":{"line":50,"column":29}},"50":{"start":{"line":51,"column":0},"end":{"line":51,"column":42}},"51":{"start":{"line":52,"column":0},"end":{"line":52,"column":3}},"53":{"start":{"line":54,"column":0},"end":{"line":54,"column":97}},"54":{"start":{"line":55,"column":0},"end":{"line":55,"column":16}},"55":{"start":{"line":56,"column":0},"end":{"line":56,"column":26}},"56":{"start":{"line":57,"column":0},"end":{"line":57,"column":28}},"57":{"start":{"line":58,"column":0},"end":{"line":58,"column":34}},"58":{"start":{"line":59,"column":0},"end":{"line":59,"column":20}},"59":{"start":{"line":60,"column":0},"end":{"line":60,"column":20}},"60":{"start":{"line":61,"column":0},"end":{"line":61,"column":63}},"61":{"start":{"line":62,"column":0},"end":{"line":62,"column":24}},"62":{"start":{"line":63,"column":0},"end":{"line":63,"column":38}},"63":{"start":{"line":64,"column":0},"end":{"line":64,"column":30}},"64":{"start":{"line":65,"column":0},"end":{"line":65,"column":3}}},"s":{"0":1,"11":1,"12":40,"13":40,"14":40,"15":40,"16":40,"17":40,"18":40,"19":40,"20":40,"21":40,"22":40,"23":40,"25":1,"26":44,"27":44,"28":44,"29":44,"30":44,"31":44,"32":44,"33":44,"34":44,"35":44,"36":44,"37":44,"38":44,"40":1,"41":14,"42":14,"43":14,"44":14,"45":14,"46":14,"47":14,"48":14,"49":14,"50":14,"51":14,"53":1,"54":20,"55":20,"56":20,"57":20,"58":20,"59":20,"60":20,"61":20,"62":20,"63":20,"64":20},"branchMap":{"0":{"type":"branch","line":12,"loc":{"start":{"line":12,"column":27},"end":{"line":24,"column":3}},"locations":[{"start":{"line":12,"column":27},"end":{"line":24,"column":3}}]},"1":{"type":"branch","line":26,"loc":{"start":{"line":26,"column":27},"end":{"line":39,"column":2}},"locations":[{"start":{"line":26,"column":27},"end":{"line":39,"column":2}}]},"2":{"type":"branch","line":41,"loc":{"start":{"line":41,"column":27},"end":{"line":52,"column":3}},"locations":[{"start":{"line":41,"column":27},"end":{"line":52,"column":3}}]},"3":{"type":"branch","line":54,"loc":{"start":{"line":54,"column":27},"end":{"line":65,"column":3}},"locations":[{"start":{"line":54,"column":27},"end":{"line":65,"column":3}}]}},"b":{"0":[40],"1":[44],"2":[14],"3":[20]},"fnMap":{"0":{"name":"encodeDraft","decl":{"start":{"line":12,"column":27},"end":{"line":24,"column":3}},"loc":{"start":{"line":12,"column":27},"end":{"line":24,"column":3}},"line":12},"1":{"name":"decodeDraft","decl":{"start":{"line":26,"column":27},"end":{"line":39,"column":2}},"loc":{"start":{"line":26,"column":27},"end":{"line":39,"column":2}},"line":26},"2":{"name":"encodePhoto","decl":{"start":{"line":41,"column":27},"end":{"line":52,"column":3}},"loc":{"start":{"line":41,"column":27},"end":{"line":52,"column":3}},"line":41},"3":{"name":"decodePhoto","decl":{"start":{"line":54,"column":27},"end":{"line":65,"column":3}},"loc":{"start":{"line":54,"column":27},"end":{"line":65,"column":3}},"line":54}},"f":{"0":40,"1":44,"2":14,"3":20}}
,"/root/environment/survey/client/features/localFirst/store/db.ts": {"path":"/root/environment/survey/client/features/localFirst/store/db.ts","all":false,"statementMap":{"0":{"start":{"line":1,"column":0},"end":{"line":1,"column":52}},"38":{"start":{"line":39,"column":0},"end":{"line":39,"column":27}},"39":{"start":{"line":40,"column":0},"end":{"line":40,"column":22}},"41":{"start":{"line":42,"column":0},"end":{"line":42,"column":76}},"42":{"start":{"line":43,"column":0},"end":{"line":43,"column":28}},"43":{"start":{"line":44,"column":0},"end":{"line":44,"column":23}},"44":{"start":{"line":45,"column":0},"end":{"line":45,"column":103}},"45":{"start":{"line":46,"column":0},"end":{"line":46,"column":99}},"46":{"start":{"line":47,"column":0},"end":{"line":47,"column":14}},"47":{"start":{"line":48,"column":0},"end":{"line":48,"column":58}},"48":{"start":{"line":49,"column":0},"end":{"line":49,"column":46}},"49":{"start":{"line":50,"column":0},"end":{"line":50,"column":61}},"50":{"start":{"line":51,"column":0},"end":{"line":51,"column":6}},"51":{"start":{"line":52,"column":0},"end":{"line":52,"column":5}},"54":{"start":{"line":55,"column":0},"end":{"line":55,"column":91}},"55":{"start":{"line":56,"column":0},"end":{"line":56,"column":56}},"56":{"start":{"line":57,"column":0},"end":{"line":57,"column":52}},"57":{"start":{"line":58,"column":0},"end":{"line":58,"column":66}},"58":{"start":{"line":59,"column":0},"end":{"line":59,"column":61}},"59":{"start":{"line":60,"column":0},"end":{"line":60,"column":14}},"60":{"start":{"line":61,"column":0},"end":{"line":61,"column":2}}},"s":{"0":1,"38":1,"39":1,"41":1,"42":27,"43":27,"44":26,"45":26,"46":26,"47":26,"48":26,"49":26,"50":26,"51":27,"54":1,"55":22,"56":22,"57":21,"58":21,"59":21,"60":21},"branchMap":{"0":{"type":"branch","line":42,"loc":{"start":{"line":42,"column":27},"end":{"line":52,"column":5}},"locations":[{"start":{"line":42,"column":27},"end":{"line":52,"column":5}}]},"1":{"type":"branch","line":44,"loc":{"start":{"line":44,"column":4},"end":{"line":51,"column":6}},"locations":[{"start":{"line":44,"column":4},"end":{"line":51,"column":6}}]},"2":{"type":"branch","line":55,"loc":{"start":{"line":55,"column":26},"end":{"line":61,"column":2}},"locations":[{"start":{"line":55,"column":26},"end":{"line":61,"column":2}}]},"3":{"type":"branch","line":57,"loc":{"start":{"line":57,"column":30},"end":{"line":57,"column":52}},"locations":[{"start":{"line":57,"column":30},"end":{"line":57,"column":52}}]},"4":{"type":"branch","line":57,"loc":{"start":{"line":57,"column":46},"end":{"line":61,"column":2}},"locations":[{"start":{"line":57,"column":46},"end":{"line":61,"column":2}}]}},"b":{"0":[27],"1":[26],"2":[22],"3":[1],"4":[21]},"fnMap":{"0":{"name":"openLocalDb","decl":{"start":{"line":42,"column":27},"end":{"line":52,"column":5}},"loc":{"start":{"line":42,"column":27},"end":{"line":52,"column":5}},"line":42},"1":{"name":"upgrade","decl":{"start":{"line":44,"column":4},"end":{"line":51,"column":6}},"loc":{"start":{"line":44,"column":4},"end":{"line":51,"column":6}},"line":44},"2":{"name":"ensureSalt","decl":{"start":{"line":55,"column":26},"end":{"line":61,"column":2}},"loc":{"start":{"line":55,"column":26},"end":{"line":61,"column":2}},"line":55}},"f":{"0":27,"1":26,"2":22}}
,"/root/environment/survey/client/features/localFirst/store/localDraftStore.ts": {"path":"/root/environment/survey/client/features/localFirst/store/localDraftStore.ts","all":false,"statementMap":{"0":{"start":{"line":1,"column":0},"end":{"line":1,"column":50}},"8":{"start":{"line":9,"column":0},"end":{"line":9,"column":40}},"9":{"start":{"line":10,"column":0},"end":{"line":10,"column":17}},"10":{"start":{"line":11,"column":0},"end":{"line":11,"column":63}},"11":{"start":{"line":12,"column":0},"end":{"line":12,"column":30}},"12":{"start":{"line":13,"column":0},"end":{"line":13,"column":3}},"13":{"start":{"line":14,"column":0},"end":{"line":14,"column":1}},"36":{"start":{"line":37,"column":0},"end":{"line":37,"column":67}},"37":{"start":{"line":38,"column":0},"end":{"line":38,"column":85}},"39":{"start":{"line":40,"column":0},"end":{"line":40,"column":76}},"40":{"start":{"line":41,"column":0},"end":{"line":41,"column":47}},"41":{"start":{"line":42,"column":0},"end":{"line":42,"column":62}},"42":{"start":{"line":43,"column":0},"end":{"line":43,"column":41}},"44":{"start":{"line":45,"column":0},"end":{"line":45,"column":52}},"45":{"start":{"line":46,"column":0},"end":{"line":46,"column":38}},"46":{"start":{"line":47,"column":0},"end":{"line":47,"column":21}},"47":{"start":{"line":48,"column":0},"end":{"line":48,"column":4}},"49":{"start":{"line":50,"column":0},"end":{"line":50,"column":60}},"50":{"start":{"line":51,"column":0},"end":{"line":51,"column":45}},"51":{"start":{"line":52,"column":0},"end":{"line":52,"column":79}},"52":{"start":{"line":53,"column":0},"end":{"line":53,"column":39}},"53":{"start":{"line":54,"column":0},"end":{"line":54,"column":72}},"54":{"start":{"line":55,"column":0},"end":{"line":55,"column":21}},"55":{"start":{"line":56,"column":0},"end":{"line":56,"column":4}},"57":{"start":{"line":58,"column":0},"end":{"line":58,"column":54}},"58":{"start":{"line":59,"column":0},"end":{"line":59,"column":34}},"59":{"start":{"line":60,"column":0},"end":{"line":60,"column":46}},"60":{"start":{"line":61,"column":0},"end":{"line":61,"column":15}},"61":{"start":{"line":62,"column":0},"end":{"line":62,"column":4}},"63":{"start":{"line":64,"column":0},"end":{"line":64,"column":70}},"64":{"start":{"line":65,"column":0},"end":{"line":65,"column":35}},"65":{"start":{"line":66,"column":0},"end":{"line":66,"column":56}},"66":{"start":{"line":67,"column":0},"end":{"line":67,"column":66}},"67":{"start":{"line":68,"column":0},"end":{"line":68,"column":4}},"69":{"start":{"line":70,"column":0},"end":{"line":70,"column":64}},"70":{"start":{"line":71,"column":0},"end":{"line":71,"column":56}},"71":{"start":{"line":72,"column":0},"end":{"line":72,"column":32}},"72":{"start":{"line":73,"column":0},"end":{"line":73,"column":15}},"73":{"start":{"line":74,"column":0},"end":{"line":74,"column":31}},"74":{"start":{"line":75,"column":0},"end":{"line":75,"column":29}},"75":{"start":{"line":76,"column":0},"end":{"line":76,"column":29}},"76":{"start":{"line":77,"column":0},"end":{"line":77,"column":8}},"77":{"start":{"line":78,"column":0},"end":{"line":78,"column":4}},"79":{"start":{"line":80,"column":0},"end":{"line":80,"column":64}},"80":{"start":{"line":81,"column":0},"end":{"line":81,"column":83}},"81":{"start":{"line":82,"column":0},"end":{"line":82,"column":4}},"83":{"start":{"line":84,"column":0},"end":{"line":84,"column":70}},"84":{"start":{"line":85,"column":0},"end":{"line":85,"column":35}},"85":{"start":{"line":86,"column":0},"end":{"line":86,"column":56}},"86":{"start":{"line":87,"column":0},"end":{"line":87,"column":66}},"87":{"start":{"line":88,"column":0},"end":{"line":88,"column":4}},"89":{"start":{"line":90,"column":0},"end":{"line":90,"column":72}},"90":{"start":{"line":91,"column":0},"end":{"line":91,"column":35}},"91":{"start":{"line":92,"column":0},"end":{"line":92,"column":88}},"92":{"start":{"line":93,"column":0},"end":{"line":93,"column":91}},"93":{"start":{"line":94,"column":0},"end":{"line":94,"column":4}},"95":{"start":{"line":96,"column":0},"end":{"line":96,"column":64}},"96":{"start":{"line":97,"column":0},"end":{"line":97,"column":83}},"97":{"start":{"line":98,"column":0},"end":{"line":98,"column":4}},"99":{"start":{"line":100,"column":0},"end":{"line":100,"column":78}},"100":{"start":{"line":101,"column":0},"end":{"line":101,"column":88}},"101":{"start":{"line":102,"column":0},"end":{"line":102,"column":27}},"102":{"start":{"line":103,"column":0},"end":{"line":103,"column":4}},"104":{"start":{"line":105,"column":0},"end":{"line":105,"column":64}},"105":{"start":{"line":106,"column":0},"end":{"line":106,"column":32}},"106":{"start":{"line":107,"column":0},"end":{"line":107,"column":83}},"107":{"start":{"line":108,"column":0},"end":{"line":108,"column":74}},"108":{"start":{"line":109,"column":0},"end":{"line":109,"column":45}},"109":{"start":{"line":110,"column":0},"end":{"line":110,"column":46}},"110":{"start":{"line":111,"column":0},"end":{"line":111,"column":65}},"111":{"start":{"line":112,"column":0},"end":{"line":112,"column":4}},"113":{"start":{"line":114,"column":0},"end":{"line":114,"column":47}},"114":{"start":{"line":115,"column":0},"end":{"line":115,"column":54}},"115":{"start":{"line":116,"column":0},"end":{"line":116,"column":21}},"116":{"start":{"line":117,"column":0},"end":{"line":117,"column":21}},"117":{"start":{"line":118,"column":0},"end":{"line":118,"column":27}},"118":{"start":{"line":119,"column":0},"end":{"line":119,"column":4}},"120":{"start":{"line":121,"column":0},"end":{"line":121,"column":10}},"121":{"start":{"line":122,"column":0},"end":{"line":122,"column":55}},"122":{"start":{"line":123,"column":0},"end":{"line":123,"column":13}},"123":{"start":{"line":124,"column":0},"end":{"line":124,"column":15}},"124":{"start":{"line":125,"column":0},"end":{"line":125,"column":13}},"125":{"start":{"line":126,"column":0},"end":{"line":126,"column":65}},"126":{"start":{"line":127,"column":0},"end":{"line":127,"column":13}},"127":{"start":{"line":128,"column":0},"end":{"line":128,"column":13}},"128":{"start":{"line":129,"column":0},"end":{"line":129,"column":15}},"129":{"start":{"line":130,"column":0},"end":{"line":130,"column":65}},"130":{"start":{"line":131,"column":0},"end":{"line":131,"column":28}},"131":{"start":{"line":132,"column":0},"end":{"line":132,"column":47}},"132":{"start":{"line":133,"column":0},"end":{"line":133,"column":6}},"133":{"start":{"line":134,"column":0},"end":{"line":134,"column":76}},"134":{"start":{"line":135,"column":0},"end":{"line":135,"column":19}},"135":{"start":{"line":136,"column":0},"end":{"line":136,"column":59}},"136":{"start":{"line":137,"column":0},"end":{"line":137,"column":66}},"137":{"start":{"line":138,"column":0},"end":{"line":138,"column":15}},"138":{"start":{"line":139,"column":0},"end":{"line":139,"column":13}},"139":{"start":{"line":140,"column":0},"end":{"line":140,"column":4}},"140":{"start":{"line":141,"column":0},"end":{"line":141,"column":2}}},"s":{"0":1,"8":1,"9":1,"10":1,"11":1,"12":1,"13":1,"36":1,"37":9,"39":1,"40":27,"41":27,"42":27,"44":27,"45":267,"46":267,"47":267,"49":27,"50":146,"51":24,"52":146,"53":22,"54":22,"55":146,"57":27,"58":144,"59":144,"60":143,"61":144,"63":27,"64":59,"65":58,"66":59,"67":59,"69":27,"70":4,"71":4,"72":1,"73":1,"74":1,"75":1,"76":4,"77":4,"79":27,"80":40,"81":40,"83":27,"84":3,"85":3,"86":3,"87":3,"89":27,"90":28,"91":28,"92":28,"93":28,"95":27,"96":14,"97":14,"99":27,"100":18,"101":18,"102":18,"104":27,"105":9,"106":9,"107":9,"108":9,"109":9,"110":9,"111":9,"113":27,"114":3,"115":3,"116":3,"117":3,"118":3,"120":27,"121":27,"122":27,"123":27,"124":27,"125":27,"126":27,"127":27,"128":27,"129":27,"130":27,"131":40,"132":40,"133":27,"134":27,"135":27,"136":27,"137":27,"138":27,"139":27,"140":27},"branchMap":{"0":{"type":"branch","line":10,"loc":{"start":{"line":10,"column":2},"end":{"line":13,"column":3}},"locations":[{"start":{"line":10,"column":2},"end":{"line":13,"column":3}}]},"1":{"type":"branch","line":37,"loc":{"start":{"line":37,"column":24},"end":{"line":38,"column":85}},"locations":[{"start":{"line":37,"column":24},"end":{"line":38,"column":85}}]},"2":{"type":"branch","line":38,"loc":{"start":{"line":38,"column":20},"end":{"line":38,"column":59}},"locations":[{"start":{"line":38,"column":20},"end":{"line":38,"column":59}}]},"3":{"type":"branch","line":38,"loc":{"start":{"line":38,"column":55},"end":{"line":38,"column":85}},"locations":[{"start":{"line":38,"column":55},"end":{"line":38,"column":85}}]},"4":{"type":"branch","line":40,"loc":{"start":{"line":40,"column":37},"end":{"line":141,"column":2}},"locations":[{"start":{"line":40,"column":37},"end":{"line":141,"column":2}}]},"5":{"type":"branch","line":41,"loc":{"start":{"line":41,"column":22},"end":{"line":41,"column":47}},"locations":[{"start":{"line":41,"column":22},"end":{"line":41,"column":47}}]},"6":{"type":"branch","line":45,"loc":{"start":{"line":45,"column":13},"end":{"line":48,"column":4}},"locations":[{"start":{"line":45,"column":13},"end":{"line":48,"column":4}}]},"7":{"type":"branch","line":50,"loc":{"start":{"line":50,"column":20},"end":{"line":56,"column":4}},"locations":[{"start":{"line":50,"column":20},"end":{"line":56,"column":4}}]},"8":{"type":"branch","line":51,"loc":{"start":{"line":51,"column":28},"end":{"line":51,"column":45}},"locations":[{"start":{"line":51,"column":28},"end":{"line":51,"column":45}}]},"9":{"type":"branch","line":51,"loc":{"start":{"line":51,"column":35},"end":{"line":53,"column":34}},"locations":[{"start":{"line":51,"column":35},"end":{"line":53,"column":34}}]},"10":{"type":"branch","line":53,"loc":{"start":{"line":53,"column":27},"end":{"line":53,"column":39}},"locations":[{"start":{"line":53,"column":27},"end":{"line":53,"column":39}}]},"11":{"type":"branch","line":53,"loc":{"start":{"line":53,"column":34},"end":{"line":55,"column":21}},"locations":[{"start":{"line":53,"column":34},"end":{"line":55,"column":21}}]},"12":{"type":"branch","line":52,"loc":{"start":{"line":52,"column":67},"end":{"line":52,"column":77}},"locations":[{"start":{"line":52,"column":67},"end":{"line":52,"column":77}}]},"13":{"type":"branch","line":58,"loc":{"start":{"line":58,"column":21},"end":{"line":62,"column":4}},"locations":[{"start":{"line":58,"column":21},"end":{"line":62,"column":4}}]},"14":{"type":"branch","line":60,"loc":{"start":{"line":60,"column":22},"end":{"line":60,"column":46}},"locations":[{"start":{"line":60,"column":22},"end":{"line":60,"column":46}}]},"15":{"type":"branch","line":60,"loc":{"start":{"line":60,"column":44},"end":{"line":61,"column":15}},"locations":[{"start":{"line":60,"column":44},"end":{"line":61,"column":15}}]},"16":{"type":"branch","line":64,"loc":{"start":{"line":64,"column":19},"end":{"line":68,"column":4}},"locations":[{"start":{"line":64,"column":19},"end":{"line":68,"column":4}}]},"17":{"type":"branch","line":65,"loc":{"start":{"line":65,"column":33},"end":{"line":67,"column":34}},"locations":[{"start":{"line":65,"column":33},"end":{"line":67,"column":34}}]},"18":{"type":"branch","line":67,"loc":{"start":{"line":67,"column":22},"end":{"line":67,"column":41}},"locations":[{"start":{"line":67,"column":22},"end":{"line":67,"column":41}}]},"19":{"type":"branch","line":67,"loc":{"start":{"line":67,"column":34},"end":{"line":67,"column":66}},"locations":[{"start":{"line":67,"column":34},"end":{"line":67,"column":66}}]},"20":{"type":"branch","line":70,"loc":{"start":{"line":70,"column":21},"end":{"line":78,"column":4}},"locations":[{"start":{"line":70,"column":21},"end":{"line":78,"column":4}}]},"21":{"type":"branch","line":72,"loc":{"start":{"line":72,"column":23},"end":{"line":77,"column":6}},"locations":[{"start":{"line":72,"column":23},"end":{"line":77,"column":6}}]},"22":{"type":"branch","line":80,"loc":{"start":{"line":80,"column":19},"end":{"line":82,"column":4}},"locations":[{
[...]
":{"line":14,"column":84}},"14":{"start":{"line":15,"column":0},"end":{"line":15,"column":40}},"16":{"start":{"line":17,"column":0},"end":{"line":17,"column":91}},"17":{"start":{"line":18,"column":0},"end":{"line":18,"column":32}},"20":{"start":{"line":21,"column":0},"end":{"line":21,"column":67}},"21":{"start":{"line":22,"column":0},"end":{"line":22,"column":35}},"22":{"start":{"line":23,"column":0},"end":{"line":23,"column":68}},"23":{"start":{"line":24,"column":0},"end":{"line":24,"column":2}},"25":{"start":{"line":26,"column":0},"end":{"line":26,"column":65}},"26":{"start":{"line":27,"column":0},"end":{"line":27,"column":39}},"28":{"start":{"line":29,"column":0},"end":{"line":29,"column":54}},"29":{"start":{"line":30,"column":0},"end":{"line":30,"column":47}}},"s":{"0":1,"8":1,"9":2,"11":1,"13":1,"14":2,"16":1,"17":4,"20":1,"21":3,"22":3,"23":3,"25":1,"26":2,"28":1,"29":1},"branchMap":{"0":{"type":"branch","line":9,"loc":{"start":{"line":9,"column":31},"end":{"line":10,"column":34}},"locations":[{"start":{"line":9,"column":31},"end":{"line":10,"column":34}}]},"1":{"type":"branch","line":12,"loc":{"start":{"line":12,"column":27},"end":{"line":12,"column":98}},"locations":[{"start":{"line":12,"column":27},"end":{"line":12,"column":98}}]},"2":{"type":"branch","line":14,"loc":{"start":{"line":14,"column":30},"end":{"line":15,"column":40}},"locations":[{"start":{"line":14,"column":30},"end":{"line":15,"column":40}}]},"3":{"type":"branch","line":17,"loc":{"start":{"line":17,"column":29},"end":{"line":18,"column":32}},"locations":[{"start":{"line":17,"column":29},"end":{"line":18,"column":32}}]},"4":{"type":"branch","line":21,"loc":{"start":{"line":21,"column":32},"end":{"line":24,"column":2}},"locations":[{"start":{"line":21,"column":32},"end":{"line":24,"column":2}}]},"5":{"type":"branch","line":22,"loc":{"start":{"line":22,"column":22},"end":{"line":22,"column":35}},"locations":[{"start":{"line":22,"column":22},"end":{"line":22,"column":35}}]},"6":{"type":"branch","line":22,"loc":{"start":{"line":22,"column":29},"end":{"line":23,"column":32}},"locations":[{"start":{"line":22,"column":29},"end":{"line":23,"column":32}}]},"7":{"type":"branch","line":23,"loc":{"start":{"line":23,"column":28},"end":{"line":23,"column":62}},"locations":[{"start":{"line":23,"column":28},"end":{"line":23,"column":62}}]},"8":{"type":"branch","line":23,"loc":{"start":{"line":23,"column":58},"end":{"line":23,"column":68}},"locations":[{"start":{"line":23,"column":58},"end":{"line":23,"column":68}}]},"9":{"type":"branch","line":26,"loc":{"start":{"line":26,"column":32},"end":{"line":27,"column":39}},"locations":[{"start":{"line":26,"column":32},"end":{"line":27,"column":39}}]},"10":{"type":"branch","line":27,"loc":{"start":{"line":27,"column":12},"end":{"line":27,"column":27}},"locations":[{"start":{"line":27,"column":12},"end":{"line":27,"column":27}}]},"11":{"type":"branch","line":27,"loc":{"start":{"line":27,"column":19},"end":{"line":27,"column":39}},"locations":[{"start":{"line":27,"column":19},"end":{"line":27,"column":39}}]},"12":{"type":"branch","line":29,"loc":{"start":{"line":29,"column":26},"end":{"line":30,"column":47}},"locations":[{"start":{"line":29,"column":26},"end":{"line":30,"column":47}}]}},"b":{"0":[2],"1":[1],"2":[2],"3":[4],"4":[3],"5":[1],"6":[2],"7":[1],"8":[1],"9":[2],"10":[1],"11":[1],"12":[1]},"fnMap":{"0":{"name":"surveyTypeLabel","decl":{"start":{"line":9,"column":31},"end":{"line":10,"column":34}},"loc":{"start":{"line":9,"column":31},"end":{"line":10,"column":34}},"line":9},"1":{"name":"statusLabel","decl":{"start":{"line":12,"column":27},"end":{"line":12,"column":98}},"loc":{"start":{"line":12,"column":27},"end":{"line":12,"column":98}},"line":12},"2":{"name":"structureLabel","decl":{"start":{"line":14,"column":30},"end":{"line":15,"column":40}},"loc":{"start":{"line":14,"column":30},"end":{"line":15,"column":40}},"line":14},"3":{"name":"isDamageLevel","decl":{"start":{"line":17,"column":29},"end":{"line":18,"column":32}},"loc":{"start":{"line":17,"column":29},"end":{"line":18,"column":32}},"line":17},"4":{"name":"damageLevelLabel","decl":{"start":{"line":21,"column":32},"end":{"line":24,"column":2}},"loc":{"start":{"line":21,"column":32},"end":{"line":24,"column":2}},"line":21},"5":{"name":"damageRatioLabel","decl":{"start":{"line":26,"column":32},"end":{"line":27,"column":39}},"loc":{"start":{"line":26,"column":32},"end":{"line":27,"column":39}},"line":26},"6":{"name":"formatDate","decl":{"start":{"line":29,"column":26},"end":{"line":30,"column":47}},"loc":{"start":{"line":29,"column":26},"end":{"line":30,"column":47}},"line":29}},"f":{"0":2,"1":1,"2":2,"3":4,"4":3,"5":2,"6":1}}
,"/root/environment/survey/client/features/survey/model/wizardSteps.ts": {"path":"/root/environment/survey/client/features/survey/model/wizardSteps.ts","all":false,"statementMap":{"12":{"start":{"line":13,"column":0},"end":{"line":13,"column":22}},"13":{"start":{"line":14,"column":0},"end":{"line":14,"column":27}},"16":{"start":{"line":17,"column":0},"end":{"line":17,"column":94}},"19":{"start":{"line":20,"column":0},"end":{"line":20,"column":25}},"20":{"start":{"line":21,"column":0},"end":{"line":21,"column":30}},"21":{"start":{"line":22,"column":0},"end":{"line":22,"column":36}},"22":{"start":{"line":23,"column":0},"end":{"line":23,"column":17}},"23":{"start":{"line":24,"column":0},"end":{"line":24,"column":82}},"24":{"start":{"line":25,"column":0},"end":{"line":25,"column":66}},"25":{"start":{"line":26,"column":0},"end":{"line":26,"column":82}},"26":{"start":{"line":27,"column":0},"end":{"line":27,"column":35}},"27":{"start":{"line":28,"column":0},"end":{"line":28,"column":2}},"29":{"start":{"line":30,"column":0},"end":{"line":30,"column":87}},"30":{"start":{"line":31,"column":0},"end":{"line":31,"column":88}},"32":{"start":{"line":33,"column":0},"end":{"line":33,"column":56}},"33":{"start":{"line":34,"column":0},"end":{"line":34,"column":52}},"34":{"start":{"line":35,"column":0},"end":{"line":35,"column":47}},"35":{"start":{"line":36,"column":0},"end":{"line":36,"column":73}},"36":{"start":{"line":37,"column":0},"end":{"line":37,"column":52}},"37":{"start":{"line":38,"column":0},"end":{"line":38,"column":2}},"39":{"start":{"line":40,"column":0},"end":{"line":40,"column":72}},"40":{"start":{"line":41,"column":0},"end":{"line":41,"column":15}},"41":{"start":{"line":42,"column":0},"end":{"line":42,"column":43}},"42":{"start":{"line":43,"column":0},"end":{"line":43,"column":47}},"43":{"start":{"line":44,"column":0},"end":{"line":44,"column":47}},"44":{"start":{"line":45,"column":0},"end":{"line":45,"column":21}},"45":{"start":{"line":46,"column":0},"end":{"line":46,"column":75}},"46":{"start":{"line":47,"column":0},"end":{"line":47,"column":75}},"47":{"start":{"line":48,"column":0},"end":{"line":48,"column":21}},"48":{"start":{"line":49,"column":0},"end":{"line":49,"column":41}},"49":{"start":{"line":50,"column":0},"end":{"line":50,"column":22}},"50":{"start":{"line":51,"column":0},"end":{"line":51,"column":2}},"52":{"start":{"line":53,"column":0},"end":{"line":53,"column":76}},"53":{"start":{"line":54,"column":0},"end":{"line":54,"column":29}},"55":{"start":{"line":56,"column":0},"end":{"line":56,"column":81}},"56":{"start":{"line":57,"column":0},"end":{"line":57,"column":54}},"58":{"start":{"line":59,"column":0},"end":{"line":59,"column":80}},"59":{"start":{"line":60,"column":0},"end":{"line":60,"column":65}},"62":{"start":{"line":63,"column":0},"end":{"line":63,"column":95}},"63":{"start":{"line":64,"column":0},"end":{"line":64,"column":46}},"64":{"start":{"line":65,"column":0},"end":{"line":65,"column":49}},"65":{"start":{"line":66,"column":0},"end":{"line":66,"column":50}},"66":{"start":{"line":67,"column":0},"end":{"line":67,"column":2}},"68":{"start":{"line":69,"column":0},"end":{"line":69,"column":74}},"69":{"start":{"line":70,"column":0},"end":{"line":70,"column":37}},"70":{"start":{"line":71,"column":0},"end":{"line":71,"column":63}},"71":{"start":{"line":72,"column":0},"end":{"line":72,"column":2}},"73":{"start":{"line":74,"column":0},"end":{"line":74,"column":74}},"74":{"start":{"line":75,"column":0},"end":{"line":75,"column":37}},"75":{"start":{"line":76,"column":0},"end":{"line":76,"column":48}},"76":{"start":{"line":77,"column":0},"end":{"line":77,"column":2}}},"s":{"12":1,"13":1,"16":1,"19":1,"20":107,"21":107,"22":107,"23":107,"24":107,"25":107,"26":107,"27":107,"29":1,"30":5,"32":1,"33":5,"34":5,"35":3,"36":3,"37":3,"39":1,"40":1,"41":8,"42":7,"43":7,"44":1,"45":1,"46":1,"47":1,"48":1,"49":1,"50":1,"52":1,"53":36,"55":1,"56":1,"58":1,"59":5,"62":1,"63":4,"64":4,"65":2,"66":2,"68":1,"69":3,"70":3,"71":3,"73":1,"74":3,"75":3,"76":3},"branchMap":{"0":{"type":"branch","line":17,"loc":{"start":{"line":17,"column":28},"end":{"line":17,"column":94}},"locations":[{"start":{"line":17,"column":28},"end":{"line":17,"column":94}}]},"1":{"type":"branch","line":17,"loc":{"start":{"line":17,"column":77},"end":{"line":17,"column":92}},"locations":[{"start":{"line":17,"column":77},"end":{"line":17,"column":92}}]},"2":{"type":"branch","line":20,"loc":{"start":{"line":20,"column":24},"end":{"line":28,"column":2}},"locations":[{"start":{"line":20,"column":24},"end":{"line":28,"column":2}}]},"3":{"type":"branch","line":24,"loc":{"start":{"line":24,"column":43},"end":{"line":24,"column":68}},"locations":[{"start":{"line":24,"column":43},"end":{"line":24,"column":68}}]},"4":{"type":"branch","line":24,"loc":{"start":{"line":24,"column":53},"end":{"line":24,"column":82}},"locations":[{"start":{"line":24,"column":53},"end":{"line":24,"column":82}}]},"5":{"type":"branch","line":26,"loc":{"start":{"line":26,"column":51},"end":{"line":26,"column":77}},"locations":[{"start":{"line":26,"column":51},"end":{"line":26,"column":77}}]},"6":{"type":"branch","line":26,"loc":{"start":{"line":26,"column":73},"end":{"line":26,"column":82}},"locations":[{"start":{"line":26,"column":73},"end":{"line":26,"column":82}}]},"7":{"type":"branch","line":30,"loc":{"start":{"line":30,"column":29},"end":{"line":31,"column":88}},"locations":[{"start":{"line":30,"column":29},"end":{"line":31,"column":88}}]},"8":{"type":"branch","line":31,"loc":{"start":{"line":31,"column":8},"end":{"line":31,"column":43}},"locations":[{"start":{"line":31,"column":8},"end":{"line":31,"column":43}}]},"9":{"type":"branch","line":31,"loc":{"start":{"line":31,"column":21},"end":{"line":31,"column":85}},"locations":[{"start":{"line":31,"column":21},"end":{"line":31,"column":85}}]},"10":{"type":"branch","line":31,"loc":{"start":{"line":31,"column":49},"end":{"line":31,"column":85}},"locations":[{"start":{"line":31,"column":49},"end":{"line":31,"column":85}}]},"11":{"type":"branch","line":31,"loc":{"start":{"line":31,"column":63},"end":{"line":31,"column":88}},"locations":[{"start":{"line":31,"column":63},"end":{"line":31,"column":88}}]},"12":{"type":"branch","line":33,"loc":{"start":{"line":33,"column":23},"end":{"line":38,"column":2}},"locations":[{"start":{"line":33,"column":23},"end":{"line":38,"column":2}}]},"13":{"type":"branch","line":35,"loc":{"start":{"line":35,"column":34},"end":{"line":35,"column":47}},"locations":[{"start":{"line":35,"column":34},"end":{"line":35,"column":47}}]},"14":{"type":"branch","line":35,"loc":{"start":{"line":35,"column":41},"end":{"line":38,"column":2}},"locations":[{"start":{"line":35,"column":41},"end":{"line":38,"column":2}}]},"15":{"type":"branch","line":36,"loc":{"start":{"line":36,"column":35},"end":{"line":36,"column":70}},"locations":[{"start":{"line":36,"column":35},"end":{"line":36,"column":70}}]},"16":{"type":"branch","line":41,"loc":{"start":{"line":41,"column":9},"end":{"line":44,"column":47}},"locations":[{"start":{"line":41,"column":9},"end":{"line":44,"column":47}}]},"17":{"type":"branch","line":42,"loc":{"start":{"line":42,"column":31},"end":{"line":43,"column":47}},"locations":[{"start":{"line":42,"column":31},"end":{"line":43,"column":47}}]},"18":{"type":"branch","line":43,"loc":{"start":{"line":43,"column":35},"end":{"line":44,"column":47}},"locations":[{"start":{"line":43,"column":35},"end":{"line":44,"column":47}}]},"19":{"type":"branch","line":45,"loc":{"start":{"line":45,"column":10},"end":{"line":45,"column":21}},"locations":[{"start":{"line":45,"column":10},"end":{"line":45,"column":21}}]},"20":{"type":"branch","line":46,"loc":{"start":{"line":46,"column":14},"end":{"line":46,"column":75}},"locations":[{"start":{"line":46,"column":14},"end":{"line":46,"column":75}}]},"21":{"type":"branch","line":46,"loc":{"start":{"line":46,"column":29},"end":{"line":46,"column":65}},"locations":[{"start":{"line":46,"column":29},"end":{"line":46,"column":65}}]},"22":{"type":"branch","line":47,"loc":{"start":{"line":47,"column":15},"end":{"line":47,"column":75}},"locations":[{"start":{"line":47,"column":15},"end":{"line":47,"column":75}}]},"23":{"type":"branch","line":47,"loc":{"start":{"line":47,"column":31},"end":{"line":47,"column":68}},"locations":[{"start":{"line":47,"column":31},"end":{"line":47,"column":68}}]},"24":{"type":"branch","line":47,"loc":{"start":{"line":47,"column":58},"end":{"line":47,"column":73}},"locations":[{"start":{"line":47,"column":58},"end":{"line":47,"column":73}}]},"25":{"type":"branch","line":48,"loc":{"start":{"line":48,"column":10},"end":{"line":48,"column":21}},"locations":[{"start":{"line":48,"column":10},"end":{"line":48,"column":21}}]},"26":{"type":"branch","line":49,"loc":{"start":{"line":49,"column":10},"end":{"line":49,"column":41}},"locations":[{"start":{"line":49,"column":10},"end":{"line":49,"column":41}}]},"27":{"type":"branch","line":50,"loc":{"start":{"line":50,"column":10},"end":{"line":50,"column":22}},"locations":[{"start":{"line":50,"column":10},"end":{"line":50,"column":22}}]},"28":{"type":"branch","line":53,"loc":{"start":{"line":53,"column":30},"end":{"line":54,"column":29}},"locations":[{"start":{"line":53,"column":30},"end":{"line":54,"column":29}}]},"29":{"type":"branch","line":56,"loc":{"start":{"line":56,"column":30},"end":{"line":57,"column":54}},"locations":[{"start":{"line":56,"column":30},"end":{"line":57,"column":54}}]},"30":{"type":"branch","line":57,"loc":{"start":{"line":57,"column":15},"end":{"line":57,"column":52}},"locations":[{"start":{"line":57,"column":15},"end":{"line":57,"column":52}}]},"31":{"type":"branch","line":59,"loc":{"start":{"line":59,"column":31},"end":{"line":60,"column":65}},"locations":[{"start":{"line":59,"column":31},"end":{"line":60,"column":65}}]},"32":{"type":"branch","line":60,"loc":{"start":{"line":60,"column":51},"end":{"line":60,"column":65}},"locations":[{"start":{"line":60,"column":51},"end":{"line":60,"column":65}}]},"33":{"type":"branch","line":60,"loc":{"start":{"line":60,"column":13},"end":{"line":60,"column":51}},"locations":[{"start":{"line":60,"column":13},"end":{"line":60,"column":51}}]},"34":{"type":"branch","line":63,"loc":{"start":{"line":63,"column":27},"end":{"line":67,"column":2}},"locations":[{"start":{"line":63,"column":27},"end":{"line":67,"column":2}}]},"35":{"type":"branch","line":64,"loc":{"start":{"line":64,"column":33},"end":{"line":64,"column":46}},"locations":[{"start":{"line":64,"column":33},"end":{"line":64,"column":46}}]},"36":{"type":"branch","line":64,"loc":{"start":{"line":64,"column":40},"end":{"line":65,"column":44}},"locations":[{"start":{"line":64,"column":40},"end":{"line":65,"column":44}}]},"37":{"type":"branch","line":65,"loc":{"start":{"line":65,"column":37},"end":{"line":65,"column":49}},"locations":[{"start":{"line":65,"column":37},"end":{"line":65,"column":49}}]},"38":{"type":"branch","line":65,"loc":{"start":{"line":65,"column":44},"end":{"line":67,"column":2}},"locations":[{"start":{"line":65,"column":44},"end":{"line":67,"column":2}}]},"39":{"type":"branch","line":69,"loc":{"start":{"line":69,"column":24},"end":{"line":72,"column":2}},"locations":[{"start":{"line":69,"column":24},"end":{"line":72,"column":2}}]},"40":{"type":"branch","line":71,"loc":{"start":{"line":71,"column":50},"end":{"line":71,"column":63}},"locations":[{"start":{"line":71,"column":50},"end":{"line":71,"column":63}}]},"41":{"type":"branch","line":74,"loc":{"start":{"line":74,"column":24},"end":{"line":77,"column":2}},"locations":[{"start":{"line":74,"column":24},"end":{"line":77,"column":2}}]},"42":{"type":"branch","line":76,"loc":{"start":{"line":76,"column":35},"end":{"line":76,"column":48}},"locations":[{"start":{"line":76,"column":35},"end":{"line":76,"column":48}}]}},"b":{"0":[212],"1":[34],"2":[107],"3":[54],"4":[53],"5":[51],"6":[56],"7":[5],"8":[3],"9":[2],"10":[1],"11":[1],"12":[5],"13":[2],"14":[3],"15":[4],"16":[8],"17":[7],"18":[7],"19":[6],"20":[8],"21":[2],"22":[2],"23":[1],"24":[1],"25":[3],"26":[5],"27":[4],"28":[36],"29":[1],"30":[5],"31":[5],"32":[1],"33":[14],"34":[4],"35":[1],"36":[3],"37":[1],"38":[2],"39":[3],"40":[1],"41":[3],"42":[1]},"fnMap":{"0":{"name":"isMultiStory","decl":{"start":{"line":17,"column":28},"end":{"line":17,"column":94}},"loc":{"start":{"line":17,"column":28},"end":{"line":17,"column":94}},"line":17},"1":{"name":"stepsFor","decl":{"start":{"line":20,"column":24},"end":{"line":28,"column":2}},"loc":{"start":{"line":20,"column":24},"end":{"line":28,"column":2}},"line":20},"2":{"name":"floorApportionmentOf","decl":{"start":{"line":30,"column":29},"end":{"line":31,"column":88}},"loc":{"start":{"line":30,"column":29},"end":{"line":31,"column":88}},"line":30},"3":{"name":"floorsComplete","decl":{"start":{"line":33,"column":23},"end":{"line":38,"column":2}},"loc":{"start":{"line":33,"column":23},"end":{"line":38,"column":2}},"line":33},"4":{"name":"house","decl":{"start":{"line":41,"column":9},"end":{"line":44,"column":47}},"loc":{"start":{"line":41,"column":9},"end":{"line":44,"column":47}},"line":41},"5":{"name":"victim","decl":{"start":{"line":45,"column":10},"end":{"line":45,"column":21}},"loc":{"start":{"line":45,"column":10},"end":{"line":45,"column":21}},"line":45},"6":{"name":"firstInput","decl":{"start":{"line":46,"column":14},"end":{"line":46,"column":75}},"loc":{"start":{"line":46,"column":14},"end":{"line":46,"column":75}},"line":46},"7":{"name":"secondInput","decl":{"start":{"line":47,"column":15},"end":{"line":47,"column":75}},"loc":{"start":{"line":47,"column":15},"end":{"line":47,"column":75}},"line":47},"8":{"name":"photos","decl":{"start":{"line":48,"column":10},"end":{"line":48,"column":21}},"loc":{"start":{"line":48,"column":10},"end":{"line":48,"column":21}},"line":48},"9":{"name":"floors","decl":{"start":{"line":49,"column":10},"end":{"line":49,"column":41}},"loc":{"start":{"line":49,"column":10},"end":{"line":49,"column":41}},"line":49},"10":{"name":"review","decl":{"start":{"line":50,"column":10},"end":{"line":50,"column":22}},"loc":{"start":{"line":50,"column":10},"end":{"line":50,"column":22}},"line":50},"11":{"name":"isStepComplete","decl":{"start":{"line":53,"column":30},"end":{"line":54,"column":29}},"loc":{"start":{"line":53,"column":30},"end":{"line":54,"column":29}},"line":53},"12":{"name":"completedSteps","decl":{"start":{"line":56,"column":30},"end":{"line":57,"column":54}},"loc":{"start":{"line":56,"column":30},"end":{"line":57,"column":54}},"line":56},"13":{"name":"firstIncomplete","decl":{"start":{"line":59,"column":31},"end":{"line":60,"column":65}},"loc":{"start":{"line":59,"column":31},"end":{"line":60,"column":65}},"line":59},"14":{"name":"canNavigate","decl":{"start":{"line":63,"column":27},"end":{"line":67,"column":2}},"loc":{"start":{"line":63,"column":27},"end":{"line":67,"column":2}},"line":63},"15":{"name":"nextStep","decl":{"start":{"line":69,"column":24},"end":{"line":72,"column":2}},"loc":{"start":{"line":69,"column":24},"end":{"line":72,"column":2}},"line":69},"16":{"name":"prevStep","decl":{"start":{"line":74,"column":24},"end":{"line":77,"column":2}},"loc":{"start":{"line":74,"column":24},"end":{"line":77,"column":2}},"line":74}},"f":{"0":212,"1":107,"2":5,"3":5,"4":8,"5":6,"6":8,"7":2,"8":3,"9":5,"10":4,"11":36,"12":1,"13":5,"14":4,"15":3,"16":3}}
}
